"../../../../../Unreal/BlockGame2/UnrealLearningKitGames/Content/BlockGame/Materials/M_BlockBase.uasset" 0
"../../../../../Unreal/BlockGame2/UnrealLearningKitGames/Content/BlockGame/Meshes/SM_Block.uasset" 1
"../../../../../Unreal/BlockGame2/UnrealLearningKitGames/Content/BlockGame/BluePrints/Blocks/BP_BaseBlock.uasset" 2
"../../../Engine/Content/EditorBlueprintResources/StandardMacros.uasset" 3
"../../../../../Unreal/BlockGame2/UnrealLearningKitGames/Content/BlockGame/BluePrints/Blocks/BP_Floor.uasset" 4
"../../../../../Unreal/BlockGame2/UnrealLearningKitGames/Content/BlockGame/BluePrints/BP_Floor.uasset" 5
"../../../Engine/Content/Animation/DefaultAnimBoneCompressionSettings.uasset" 6
"../../../Engine/Content/EngineMeshes/Humanoid.uasset" 7
"../../../../../Unreal/BlockGame2/UnrealLearningKitGames/Content/LearningKit_Games/Assets/Characters/Character/Mesh/SK_EpicCharacter_Skeleton.uasset" 8
"../../../../../Unreal/BlockGame2/UnrealLearningKitGames/Content/LearningKit_Games/Assets/Characters/Character/Animations/epicCharacter_Celebrate.uasset" 9
"../../../../../Unreal/BlockGame2/UnrealLearningKitGames/Content/BlockGame/PlayerCharacter/Animations/BlockPlayerCelebrate.uasset" 10
"../../../../../Unreal/BlockGame2/UnrealLearningKitGames/Content/LearningKit_Games/Assets/Architecture/M_Kit_Wall_Door.uasset" 11
"../../../Engine/Content/MaterialTemplates/LayerBlends/T_DefaultMaskTexture.uasset" 12
"../../../Engine/Content/MapTemplates/TilingNoise05.uasset" 13
"../../../Engine/Content/Functions/Engine_MaterialFunctions02/ExampleContent/Textures/LowResBlurredNoise.uasset" 14
"../../../Engine/Content/EngineMaterials/DefaultNormal.uasset" 15
"../../../Engine/Content/EngineMaterials/DefaultDiffuse.uasset" 16
"../../../Engine/Content/EngineMaterials/BlendFunc_DefBlend.uasset" 17
"../../../Engine/Content/EngineMaterials/BlendFunc_DefBase.uasset" 18
"../../../../../Unreal/BlockGame2/UnrealLearningKitGames/Content/LearningKit_Games/Assets/_Shared/Textures/T_Default_BC.uasset" 19
"../../../Engine/Content/Functions/Engine_MaterialFunctions03/Blends/Blend_Overlay.uasset" 20
"../../../Engine/Content/Functions/Engine_MaterialFunctions01/Gradient/LinearGradient.uasset" 21
"../../../Engine/Content/Functions/Engine_MaterialFunctions01/ImageAdjustment/CheapContrast.uasset" 22
"../../../Engine/Content/Functions/Engine_MaterialFunctions01/Texturing/WorldAlignedTexture.uasset" 23
"../../../../../Unreal/BlockGame2/UnrealLearningKitGames/Content/LearningKit_Games/Assets/_Shared/Functions/MF_MasterMaterialFunction.uasset" 24
"../../../../../Unreal/BlockGame2/UnrealLearningKitGames/Content/LearningKit_Games/Assets/_Shared/Materials/M_LearningKit_MasterMaterial.uasset" 25
"../../../../../Unreal/BlockGame2/UnrealLearningKitGames/Content/LearningKit_Games/Assets/_Shared/Textures/T_Default_ARM.uasset" 26
"../../../../../Unreal/BlockGame2/UnrealLearningKitGames/Content/LearningKit_Games/Assets/_Shared/Textures/T_Default_N.uasset" 27
"../../../../../Unreal/BlockGame2/UnrealLearningKitGames/Content/LearningKit_Games/Assets/_Shared/Materials/MI_Opaque_BaseInstance.uasset" 28
"../../../../../Unreal/BlockGame2/UnrealLearningKitGames/Content/LearningKit_Games/Assets/Architecture/Floors/Texture/T_Kit_Floor_BC.uasset" 29
"../../../../../Unreal/BlockGame2/UnrealLearningKitGames/Content/LearningKit_Games/Assets/Architecture/Floors/Texture/T_Kit_Floor_ARM.uasset" 30
"../../../../../Unreal/BlockGame2/UnrealLearningKitGames/Content/LearningKit_Games/Assets/Architecture/Floors/Material/MI_Kit_Floor.uasset" 31
"../../../../../Unreal/BlockGame2/UnrealLearningKitGames/Content/LearningKit_Games/Assets/Architecture/SM_Kit_Floor.uasset" 32
"../../../../../Unreal/BlockGame2/UnrealLearningKitGames/Content/LearningKit_Games/Assets/Architecture/Gates/Texture/T_Forcefield_ARM.uasset" 33
"../../../../../Unreal/BlockGame2/UnrealLearningKitGames/Content/LearningKit_Games/Assets/Characters/Character/Animations/epicCharacter_JumpRun_Loop.uasset" 34
"../../../../../Unreal/BlockGame2/UnrealLearningKitGames/Content/LearningKit_Games/Assets/Characters/Character/Animations/epicCharacter_JumpUp_Loop.uasset" 35
"../../../../../Unreal/BlockGame2/UnrealLearningKitGames/Content/LearningKit_Games/Assets/Characters/Character/Animations/epicCharacter_Jump_Loop.uasset" 36
"../../../../../Unreal/BlockGame2/UnrealLearningKitGames/Content/LearningKit_Games/Assets/Characters/Character/Animations/ThirdPerson_Retarget/ThirdPersonWalk.uasset" 37
"../../../../../Unreal/BlockGame2/UnrealLearningKitGames/Content/LearningKit_Games/Assets/Characters/Character/Animations/ThirdPerson_Retarget/ThirdPersonRun.uasset" 38
"../../../../../Unreal/BlockGame2/UnrealLearningKitGames/Content/LearningKit_Games/Assets/Characters/Character/Animations/ThirdPerson_Retarget/ThirdPersonIdle.uasset" 39
"../../../../../Unreal/BlockGame2/UnrealLearningKitGames/Content/LearningKit_Games/Assets/Characters/Character/Animations/ThirdPerson_Retarget/ThirdPerson_IdleRun_2D.uasset" 40
"../../../../../Unreal/BlockGame2/UnrealLearningKitGames/Content/LearningKit_Games/Assets/Characters/Character/Animations/ThirdPerson_Retarget/ThirdPerson_Jump.uasset" 41
"../../../../../Unreal/BlockGame2/UnrealLearningKitGames/Content/LearningKit_Games/Assets/Characters/Character/Animations/ThirdPerson_Retarget/ThirdPersonJump_Start.uasset" 42
"../../../../../Unreal/BlockGame2/UnrealLearningKitGames/Content/LearningKit_Games/Assets/Characters/Character/Animations/ThirdPerson_Retarget/ThirdPersonJump_Loop.uasset" 43
"../../../../../Unreal/BlockGame2/UnrealLearningKitGames/Content/LearningKit_Games/Assets/Characters/Character/Animations/ThirdPerson_Retarget/ThirdPerson_AnimBP.uasset" 44
"../../../../../Unreal/BlockGame2/UnrealLearningKitGames/Content/LearningKit_Games/Assets/Characters/Character/Texture/T_EpicCharacter_Tunic_BC.uasset" 45
"../../../../../Unreal/BlockGame2/UnrealLearningKitGames/Content/LearningKit_Games/Assets/Characters/Character/Texture/T_EpicCharacter_Hood_RGB.uasset" 46
"../../../../../Unreal/BlockGame2/UnrealLearningKitGames/Content/LearningKit_Games/Assets/_Shared/Textures/T_Default_E.uasset" 47
"../../../../../Unreal/BlockGame2/UnrealLearningKitGames/Content/LearningKit_Games/Assets/Characters/Character/Texture/T_EpicCharacter_Tunic_RGB.uasset" 48
"../../../../../Unreal/BlockGame2/UnrealLearningKitGames/Content/LearningKit_Games/Assets/Characters/Character/Texture/T_EpicCharacter_Tunic_E.uasset" 49
"../../../../../Unreal/BlockGame2/UnrealLearningKitGames/Content/LearningKit_Games/Assets/Characters/Character/Texture/T_EpicCharacter_Tunic_ARM.uasset" 50
"../../../../../Unreal/BlockGame2/UnrealLearningKitGames/Content/LearningKit_Games/Assets/Characters/Character/Texture/T_EpicCharacter_Backpack_RGB.uasset" 51
"../../../../../Unreal/BlockGame2/UnrealLearningKitGames/Content/LearningKit_Games/Assets/Characters/Character/Texture/T_EpicCharacter_Backpack_BC.uasset" 52
"../../../../../Unreal/BlockGame2/UnrealLearningKitGames/Content/LearningKit_Games/Assets/Characters/Character/Texture/T_EpicCharacter_Backpack_ARM.uasset" 53
"../../../../../Unreal/BlockGame2/UnrealLearningKitGames/Content/LearningKit_Games/Assets/Characters/Character/Material/MI_epicCharacter_Backpack.uasset" 54
"../../../../../Unreal/BlockGame2/UnrealLearningKitGames/Content/LearningKit_Games/Assets/Characters/Character/Material/MI_epicCharacter_Tunic.uasset" 55
"../../../../../Unreal/BlockGame2/UnrealLearningKitGames/Content/LearningKit_Games/Assets/Characters/Character/Material/MI_epicCharacter_Hood1.uasset" 56
"../../../../../Unreal/BlockGame2/UnrealLearningKitGames/Content/LearningKit_Games/Assets/Characters/Character/Texture/T_EpicCharacter_Colors.uasset" 57
"../../../../../Unreal/BlockGame2/UnrealLearningKitGames/Content/LearningKit_Games/Assets/Characters/Character/Texture/T_EpicCharacter_BCE.uasset" 58
"../../../../../Unreal/BlockGame2/UnrealLearningKitGames/Content/LearningKit_Games/Assets/Characters/Character/Texture/T_EpicCharacter_ARM.uasset" 59
"../../../Engine/Content/Functions/Engine_MaterialFunctions02/Utility/BreakOutFloat3Components.uasset" 60
"../../../../../Unreal/BlockGame2/UnrealLearningKitGames/Content/LearningKit_Games/Assets/_Shared/Functions/MF_ColorMask.uasset" 61
"../../../Engine/Content/Functions/Engine_MaterialFunctions01/Shading/FuzzyShading.uasset" 62
"../../../../../Unreal/BlockGame2/UnrealLearningKitGames/Content/LearningKit_Games/Assets/Characters/Character/Material/M_EpicCharacter_Optimized.uasset" 63
"../../../../../Unreal/BlockGame2/UnrealLearningKitGames/Content/LearningKit_Games/Assets/Characters/Character/Material/MI_EpicCharacter_Optimized.uasset" 64
"../../../../../Unreal/BlockGame2/UnrealLearningKitGames/Content/LearningKit_Games/Assets/Characters/Character/Mesh/SK_EpicCharacter_Physics.uasset" 65
"../../../../../Unreal/BlockGame2/UnrealLearningKitGames/Content/LearningKit_Games/Assets/Characters/Character/Texture/T_EpicCharacter_SleevesShorts_RGB.uasset" 66
"../../../../../Unreal/BlockGame2/UnrealLearningKitGames/Content/LearningKit_Games/Assets/Characters/Character/Texture/T_EpicCharacter_SleevesShorts_BC.uasset" 67
"../../../../../Unreal/BlockGame2/UnrealLearningKitGames/Content/LearningKit_Games/Assets/Characters/Character/Texture/T_EpicCharacter_SleevesShorts_ARM.uasset" 68
"../../../../../Unreal/BlockGame2/UnrealLearningKitGames/Content/LearningKit_Games/Assets/Characters/Character/Material/MI_epicCharacter_SleevesShorts.uasset" 69
"../../../../../Unreal/BlockGame2/UnrealLearningKitGames/Content/LearningKit_Games/Assets/Characters/Character/Texture/T_EpicCharacter_Skin_RGB.uasset" 70
"../../../../../Unreal/BlockGame2/UnrealLearningKitGames/Content/LearningKit_Games/Assets/Characters/Character/Texture/T_EpicCharacter_Skin_BC.uasset" 71
"../../../../../Unreal/BlockGame2/UnrealLearningKitGames/Content/LearningKit_Games/Assets/Characters/Character/Texture/T_EpicCharacter_Skin_ARM.uasset" 72
"../../../../../Unreal/BlockGame2/UnrealLearningKitGames/Content/LearningKit_Games/Assets/Characters/Character/Material/MI_epicCharacter_Skin.uasset" 73
"../../../../../Unreal/BlockGame2/UnrealLearningKitGames/Content/LearningKit_Games/Assets/Characters/Character/Texture/T_EpicCharacter_Hood_BC.uasset" 74
"../../../../../Unreal/BlockGame2/UnrealLearningKitGames/Content/LearningKit_Games/Assets/Characters/Character/Texture/T_EpicCharacter_Hood_ARM.uasset" 75
"../../../../../Unreal/BlockGame2/UnrealLearningKitGames/Content/LearningKit_Games/Assets/Characters/Character/Material/MI_epicCharacter_Hood.uasset" 76
"../../../../../Unreal/BlockGame2/UnrealLearningKitGames/Content/LearningKit_Games/Assets/Characters/Character/Texture/T_EpicCharacter_Head_RGB.uasset" 77
"../../../../../Unreal/BlockGame2/UnrealLearningKitGames/Content/LearningKit_Games/Assets/Characters/Character/Texture/T_EpicCharacter_Head_E.uasset" 78
"../../../../../Unreal/BlockGame2/UnrealLearningKitGames/Content/LearningKit_Games/Assets/Characters/Character/Texture/T_EpicCharacter_Head_BC.uasset" 79
"../../../../../Unreal/BlockGame2/UnrealLearningKitGames/Content/LearningKit_Games/Assets/Characters/Character/Texture/T_EpicCharacter_Head_ARM.uasset" 80
"../../../../../Unreal/BlockGame2/UnrealLearningKitGames/Content/LearningKit_Games/Assets/Characters/Character/Material/MI_epicCharacter_Head.uasset" 81
"../../../../../Unreal/BlockGame2/UnrealLearningKitGames/Content/LearningKit_Games/Assets/Characters/Character/Texture/T_EpicCharacter_Boots_RGB.uasset" 82
"../../../../../Unreal/BlockGame2/UnrealLearningKitGames/Content/LearningKit_Games/Assets/Characters/Character/Texture/T_EpicCharacter_Boots_BC.uasset" 83
"../../../../../Unreal/BlockGame2/UnrealLearningKitGames/Content/LearningKit_Games/Assets/Characters/Character/Texture/T_EpicCharacter_Boots_ARM.uasset" 84
"../../../../../Unreal/BlockGame2/UnrealLearningKitGames/Content/LearningKit_Games/Assets/Characters/Character/Material/MI_epicCharacter_Boots.uasset" 85
"../../../../../Unreal/BlockGame2/UnrealLearningKitGames/Content/LearningKit_Games/Assets/Characters/Character/Texture/T_EpicCharacter_Bedroll_RGB.uasset" 86
"../../../../../Unreal/BlockGame2/UnrealLearningKitGames/Content/LearningKit_Games/Assets/Characters/Character/Texture/T_EpicCharacter_Bedroll_BC.uasset" 87
"../../../../../Unreal/BlockGame2/UnrealLearningKitGames/Content/LearningKit_Games/Assets/Characters/Character/Texture/T_EpicCharacter_Bedroll_ARM.uasset" 88
"../../../../../Unreal/BlockGame2/UnrealLearningKitGames/Content/LearningKit_Games/Assets/Characters/Character/Material/MI_epicCharacter_BedRoll.uasset" 89
"../../../../../Unreal/BlockGame2/UnrealLearningKitGames/Content/LearningKit_Games/Assets/Characters/Character/Mesh/SK_EpicCharacter.uasset" 90
"../../../../../Unreal/BlockGame2/UnrealLearningKitGames/Content/LearningKit_Games/Assets/Characters/Character/Mesh/SM_MpicCharacter.uasset" 91
"../../../../../Unreal/BlockGame2/UnrealLearningKitGames/Content/LearningKit_Games/Assets/Environment/Clouds/Texture/T_Cloud_RGB.uasset" 92
"../../../../../Unreal/BlockGame2/UnrealLearningKitGames/Content/LearningKit_Games/Assets/Environment/Clouds/Texture/T_Cloud_E.uasset" 93
"../../../../../Unreal/BlockGame2/UnrealLearningKitGames/Content/LearningKit_Games/Assets/Environment/Clouds/Texture/T_Cloud_BC.uasset" 94
"../../../../../Unreal/BlockGame2/UnrealLearningKitGames/Content/LearningKit_Games/Assets/Environment/Clouds/Texture/T_Cloud_ARM.uasset" 95
"../../../../../Unreal/BlockGame2/UnrealLearningKitGames/Content/LearningKit_Games/Assets/Environment/Clouds/Material/MI_Cloud_01.uasset" 96
"../../../../../Unreal/BlockGame2/UnrealLearningKitGames/Content/LearningKit_Games/Assets/Environment/Clouds/Material/MI_Cloud_02.uasset" 97
"../../../../../Unreal/BlockGame2/UnrealLearningKitGames/Content/LearningKit_Games/Assets/Environment/Clouds/Texture/T_Cloud_N.uasset" 98
"../../../../../Unreal/BlockGame2/UnrealLearningKitGames/Content/LearningKit_Games/Assets/_Shared/Textures/T_Grass_Tile_D.uasset" 99
"../../../../../Unreal/BlockGame2/UnrealLearningKitGames/Content/LearningKit_Games/Assets/_Shared/Textures/T_Grass_Tile_ARM.uasset" 100
"../../../../../Unreal/BlockGame2/UnrealLearningKitGames/Content/LearningKit_Games/Assets/_Shared/Materials/M_LearningKit_Foliage_Master.uasset" 101
"../../../../../Unreal/BlockGame2/UnrealLearningKitGames/Content/LearningKit_Games/Assets/_Shared/Materials/MI_Grass_BaseInstance.uasset" 102
"../../../../../Unreal/BlockGame2/UnrealLearningKitGames/Content/LearningKit_Games/Assets/Environment/Foliage/SM_CloverFlower_03.uasset" 103
"../../../../../Unreal/BlockGame2/UnrealLearningKitGames/Content/LearningKit_Games/Assets/Environment/Foliage/FoliageTypes/SM_CloverFlower_03_FoliageType.uasset" 104
"../../../../../Unreal/BlockGame2/UnrealLearningKitGames/Content/LearningKit_Games/Assets/Environment/Foliage/SM_Clover_03.uasset" 105
"../../../../../Unreal/BlockGame2/UnrealLearningKitGames/Content/LearningKit_Games/Assets/Environment/Foliage/FoliageTypes/SM_Clover_03_FoliageType.uasset" 106
"../../../../../Unreal/BlockGame2/UnrealLearningKitGames/Content/LearningKit_Games/Assets/Environment/Foliage/SM_Flower_Daisy_01.uasset" 107
"../../../../../Unreal/BlockGame2/UnrealLearningKitGames/Content/LearningKit_Games/Assets/Environment/Foliage/FoliageTypes/SM_Flower_Daisy_01_FoliageType.uasset" 108
"../../../../../Unreal/BlockGame2/UnrealLearningKitGames/Content/LearningKit_Games/Assets/Environment/Foliage/SM_Flower_Daisy_02.uasset" 109
"../../../../../Unreal/BlockGame2/UnrealLearningKitGames/Content/LearningKit_Games/Assets/Environment/Foliage/FoliageTypes/SM_Flower_Daisy_02_FoliageType.uasset" 110
"../../../../../Unreal/BlockGame2/UnrealLearningKitGames/Content/LearningKit_Games/Assets/Environment/Foliage/SM_Flower_Daisy_03.uasset" 111
"../../../../../Unreal/BlockGame2/UnrealLearningKitGames/Content/LearningKit_Games/Assets/Environment/Foliage/FoliageTypes/SM_Flower_Daisy_03_FoliageType.uasset" 112
"../../../../../Unreal/BlockGame2/UnrealLearningKitGames/Content/LearningKit_Games/Assets/Environment/Foliage/SM_Grass_Dk_04.uasset" 113
"../../../../../Unreal/BlockGame2/UnrealLearningKitGames/Content/LearningKit_Games/Assets/Environment/Foliage/FoliageTypes/SM_Grass_Dk_04_FoliageType.uasset" 114
"../../../../../Unreal/BlockGame2/UnrealLearningKitGames/Content/LearningKit_Games/Assets/Environment/Foliage/SM_Grass_Lt_05.uasset" 115
"../../../../../Unreal/BlockGame2/UnrealLearningKitGames/Content/LearningKit_Games/Assets/Environment/Foliage/FoliageTypes/SM_Grass_Lt_05_FoliageType.uasset" 116
"../../../../../Unreal/BlockGame2/UnrealLearningKitGames/Content/LearningKit_Games/Assets/Environment/Islands/SM_FloatingIsland_L_Grass.uasset" 117
"../../../../../Unreal/BlockGame2/UnrealLearningKitGames/Content/LearningKit_Games/Assets/Environment/Islands/Texture/T_FloatingIsland_Ground_BC.uasset" 118
"../../../../../Unreal/BlockGame2/UnrealLearningKitGames/Content/LearningKit_Games/Assets/Environment/Islands/Texture/T_FloatingIsland_Ground_ARM.uasset" 119
"../../../../../Unreal/BlockGame2/UnrealLearningKitGames/Content/LearningKit_Games/Assets/Environment/Islands/Material/MI_FloatingIsland_Ground.uasset" 120
"../../../../../Unreal/BlockGame2/UnrealLearningKitGames/Content/LearningKit_Games/Assets/Environment/Islands/SM_FloatingIsland_L_Island.uasset" 121
"../../../../../Unreal/BlockGame2/UnrealLearningKitGames/Content/LearningKit_Games/Assets/Environment/Islands/Texture/T_FloatingIsland_Grass_ARM.uasset" 122
"../../../../../Unreal/BlockGame2/UnrealLearningKitGames/Content/LearningKit_Games/Assets/Environment/Islands/Texture/T_FloatingIsland_Grass_BC.uasset" 123
"../../../../../Unreal/BlockGame2/UnrealLearningKitGames/Content/LearningKit_Games/Assets/Props/Buttons/Button_A/Texture/T_Button_A_RGB.uasset" 124
"../../../../../Unreal/BlockGame2/UnrealLearningKitGames/Content/LearningKit_Games/Assets/Props/Buttons/Button_A/Texture/T_Button_A_E.uasset" 125
"../../../../../Unreal/BlockGame2/UnrealLearningKitGames/Content/LearningKit_Games/Assets/Props/Buttons/Button_A/Texture/T_Button_A_BC.uasset" 126
"../../../../../Unreal/BlockGame2/UnrealLearningKitGames/Content/LearningKit_Games/Assets/Props/Buttons/Button_A/Texture/T_Button_A_ARM.uasset" 127
"../../../../../Unreal/BlockGame2/UnrealLearningKitGames/Content/LearningKit_Games/Assets/Props/Buttons/Button_A/Material/MI_Button_A.uasset" 128
"../../../../../Unreal/BlockGame2/UnrealLearningKitGames/Content/LearningKit_Games/Assets/Props/Buttons/Button_A/SM_Button_A.uasset" 129
"../../../../../Unreal/BlockGame2/UnrealLearningKitGames/Content/LearningKit_Games/Assets/Props/Levers/Lever_A/Texture/T_Player_Lever_A_BC.uasset" 130
"../../../../../Unreal/BlockGame2/UnrealLearningKitGames/Content/LearningKit_Games/Assets/Props/Levers/Lever_A/Texture/T_Player_Lever_A_ARM.uasset" 131
"../../../../../Unreal/BlockGame2/UnrealLearningKitGames/Content/LearningKit_Games/Assets/Props/Levers/Lever_A/Texture/T_Lever_A_E.uasset" 132
"../../../../../Unreal/BlockGame2/UnrealLearningKitGames/Content/LearningKit_Games/Assets/Props/Levers/Lever_A/Material/MI_Lever_A.uasset" 133
"../../../../../Unreal/BlockGame2/UnrealLearningKitGames/Content/LearningKit_Games/Assets/Props/Levers/Lever_A/Material/MI_Lever_A_EmissiveOn.uasset" 134
"../../../../../Unreal/BlockGame2/UnrealLearningKitGames/Content/LearningKit_Games/Assets/Props/Powerups/Powerup_A/Texture/T_Powerup_A_RGB.uasset" 135
"../../../../../Unreal/BlockGame2/UnrealLearningKitGames/Content/LearningKit_Games/Assets/Props/Powerups/Powerup_A/Texture/T_Powerup_A_E.uasset" 136
"../../../../../Unreal/BlockGame2/UnrealLearningKitGames/Content/LearningKit_Games/Assets/Props/Powerups/Powerup_A/Texture/T_Powerup_A_BC.uasset" 137
"../../../../../Unreal/BlockGame2/UnrealLearningKitGames/Content/LearningKit_Games/Assets/Props/Powerups/Powerup_A/Texture/T_Powerup_A_ARM.uasset" 138
"../../../../../Unreal/BlockGame2/UnrealLearningKitGames/Content/LearningKit_Games/Assets/Props/Powerups/Powerup_A/Material/MI_Powerup_A.uasset" 139
"../../../../../Unreal/BlockGame2/UnrealLearningKitGames/Content/LearningKit_Games/Assets/Props/Powerups/Powerup_A/SM_Powerup_01_Shard01.uasset" 140
"../../../../../Unreal/BlockGame2/UnrealLearningKitGames/Content/LearningKit_Games/Assets/Props/Powerups/Powerup_A/SM_Powerup_01_Shard02.uasset" 141
"../../../../../Unreal/BlockGame2/UnrealLearningKitGames/Content/LearningKit_Games/Assets/Props/Powerups/Powerup_A/SM_Powerup_01_Shard03.uasset" 142
"../../../../../Unreal/BlockGame2/UnrealLearningKitGames/Content/LearningKit_Games/Assets/Props/Powerups/Powerup_A/SM_Powerup_01_Shard04.uasset" 143
"../../../../../Unreal/BlockGame2/UnrealLearningKitGames/Content/LearningKit_Games/Assets/SFX/SFX_Chime_01A.uasset" 144
"../../../../../Unreal/BlockGame2/UnrealLearningKitGames/Content/LearningKit_Games/Assets/SFX/SFX_Chime_02A.uasset" 145
"../../../../../Unreal/BlockGame2/UnrealLearningKitGames/Content/LearningKit_Games/Assets/SFX/SFX_Chime_02B.uasset" 146
"../../../../../Unreal/BlockGame2/UnrealLearningKitGames/Content/LearningKit_Games/Assets/SFX/SFX_Chime_03A.uasset" 147
"../../../../../Unreal/BlockGame2/UnrealLearningKitGames/Content/LearningKit_Games/Assets/SFX/SFX_Chime_03B.uasset" 148
"../../../../../Unreal/BlockGame2/UnrealLearningKitGames/Content/LearningKit_Games/Assets/SFX/SFX_Chime_04A.uasset" 149
"../../../../../Unreal/BlockGame2/UnrealLearningKitGames/Content/LearningKit_Games/Assets/SFX/SFX_Chime_04B.uasset" 150
"../../../../../Unreal/BlockGame2/UnrealLearningKitGames/Content/LearningKit_Games/Assets/SFX/SFX_Chime_05A.uasset" 151
"../../../../../Unreal/BlockGame2/UnrealLearningKitGames/Content/LearningKit_Games/Assets/SFX/SFX_Chime_05B.uasset" 152
"../../../../../Unreal/BlockGame2/UnrealLearningKitGames/Content/LearningKit_Games/Assets/SFX/SFX_Chime_06A.uasset" 153
"../../../../../Unreal/BlockGame2/UnrealLearningKitGames/Content/LearningKit_Games/Assets/SFX/SFX_Chime_06B.uasset" 154
"../../../../../Unreal/BlockGame2/UnrealLearningKitGames/Content/LearningKit_Games/Assets/SFX/SFX_Chime_07A.uasset" 155
"../../../../../Unreal/BlockGame2/UnrealLearningKitGames/Content/LearningKit_Games/Assets/SFX/SFX_Chime_07B.uasset" 156
"../../../../../Unreal/BlockGame2/UnrealLearningKitGames/Content/LearningKit_Games/Assets/SFX/SFX_Wind_Long.uasset" 157
"../../../../../Unreal/BlockGame2/UnrealLearningKitGames/Content/LearningKit_Games/Assets/SFX/SFX_Wind_Short.uasset" 158
"../../Plugins/FX/Niagara/Content/Enums/ENiagaraSystemInactiveMode.uasset" 159
"../../Plugins/FX/Niagara/Content/Enums/ENiagara_EmitterStateOptions.uasset" 160
"../../Plugins/FX/Niagara/Content/Functions/System/SystemChangeState.uasset" 161
"../../Plugins/FX/Niagara/Content/Modules/System/SystemState.uasset" 162
"../../Plugins/FX/Niagara/Content/Enums/ENiagaraTorusDistributionMode.uasset" 163
"../../Plugins/FX/Niagara/Content/Enums/ENiagaraScaleColorMode.uasset" 164
"../../Plugins/FX/Niagara/Content/Enums/ENiagaraRandomnessMode.uasset" 165
"../../Plugins/FX/Niagara/Content/Enums/ENiagaraMeshTransforms.uasset" 166
"../../Plugins/FX/Niagara/Content/Enums/ENiagaraInactiveMode.uasset" 167
"../../Plugins/FX/Niagara/Content/Enums/ENiagaraExpansionMode.uasset" 168
"../../Plugins/FX/Niagara/Content/Enums/ENiagaraEmitterScalabilityMode_Limited.uasset" 169
"../../Plugins/FX/Niagara/Content/Enums/ENiagaraEmitterLifeCycleMode.uasset" 170
"../../Plugins/FX/Niagara/Content/Enums/ENiagaraCurlNoiseQuality.uasset" 171
"../../Plugins/FX/Niagara/Content/Enums/ENiagaraCoordinateSpace.uasset" 172
"../../Plugins/FX/Niagara/Content/Enums/ENiagara_InfiniteLoopDuration.uasset" 173
"../../Plugins/FX/Niagara/Content/Modules/Update/Size/ScaleSpriteSize.uasset" 174
"../../Plugins/FX/Niagara/Content/Modules/Update/Size/ScaleMeshSize.uasset" 175
"../../Plugins/FX/Niagara/Content/Modules/Update/Forces/Drag.uasset" 176
"../../Plugins/FX/Niagara/Content/VectorFields/Assets/TilingCurl32.uasset" 177
"../../Plugins/FX/Niagara/Content/Functions/Localspace/SimulationPosition.uasset" 178
"../../Plugins/FX/Niagara/Content/VectorFields/Assets/TilingCurl64.uasset" 179
"../../Plugins/FX/Niagara/Content/VectorFields/Assets/TilingCurl16.uasset" 180
"../../Plugins/FX/Niagara/Content/Functions/FindAngleBetweenVectors.uasset" 181
"../../Plugins/FX/Niagara/Content/Functions/V2/RemapRange.uasset" 182
"../../Plugins/FX/Niagara/Content/Functions/DirectionAndLengthSafe.uasset" 183
"../../Plugins/FX/Niagara/Content/Functions/V2/ConeMask.uasset" 184
"../../Plugins/FX/Niagara/Content/Functions/Masks/ConeMask.uasset" 185
"../../Plugins/FX/Niagara/Content/Modules/Update/Forces/CurlNoiseForce.uasset" 186
"../../Plugins/FX/Niagara/Content/Modules/Update/Color/ScaleColor.uasset" 187
"../../Plugins/FX/Niagara/Content/Functions/Localspace/TransformBase.uasset" 188
"../../Plugins/FX/Niagara/Content/Functions/Localspace/TransformVector.uasset" 189
"../../Plugins/FX/Niagara/Content/Modules/Spawn/Velocity/AddVelocity.uasset" 190
"../../Plugins/FX/Niagara/Content/Functions/Rotation/AxisAngleToQuaternion.uasset" 191
"../../Plugins/FX/Niagara/Content/Functions/Rotation/MultiplyQuaternion.uasset" 192
"../../Plugins/FX/Niagara/Content/Modules/Solvers/ApplyRotationVector.uasset" 193
"../../Plugins/FX/Niagara/Content/Functions/Rotation/FindQuatBetween.uasset" 194
"../../Plugins/FX/Niagara/Content/Modules/Spawn/Orientation/V3/InitialMeshOrientation.uasset" 195
"../../Plugins/FX/Niagara/Content/Modules/Spawn/Orientation/V2/InitialMeshOrientation.uasset" 196
"../../Plugins/FX/Niagara/Content/Functions/GetRandomInfo.uasset" 197
"../../Plugins/FX/Niagara/Content/Functions/RandomRangeFloat.uasset" 198
"../../Plugins/FX/Niagara/Content/Functions/RandomPointInSphere.uasset" 199
"../../Plugins/FX/Niagara/Content/Modules/Spawn/Location/SphereLocation.uasset" 200
"../../Plugins/FX/Niagara/Content/Functions/RandomPointInBox.uasset" 201
"../../Plugins/FX/Niagara/Content/Functions/IsolateLongestVectorComponent.uasset" 202
"../../Plugins/FX/Niagara/Content/Functions/Rotation/RotateAngleOnAxis.uasset" 203
"../../Plugins/FX/Niagara/Content/Modules/Spawn/Location/BoxLocation.uasset" 204
"../../Plugins/FX/Niagara/Content/Modules/Spawn/Initialization/InitializeParticle.uasset" 205
"../../Plugins/FX/Niagara/Content/Modules/Solvers/SolveForcesAndVelocity.uasset" 206
"../../Plugins/FX/Niagara/Content/Modules/Emitter/SpawnRate.uasset" 207
"../../Plugins/FX/Niagara/Content/Enums/ENiagaraRandomnessEvaluation.uasset" 208
"../../Plugins/FX/Niagara/Content/Functions/V2/CalculateRandomRangeFloat.uasset" 209
"../../Plugins/FX/Niagara/Content/Modules/Emitter/SpawnBurst_Instantaneous.uasset" 210
"../../Plugins/FX/Niagara/Content/Functions/Emitter/EmitterChangeState.uasset" 211
"../../Plugins/FX/Niagara/Content/Enums/ENiagaraExecutionStateManagement.uasset" 212
"../../Plugins/FX/Niagara/Content/Modules/Emitter/EmitterState.uasset" 213
"../../Plugins/FX/Niagara/Content/DynamicInputs/ValueFromCurve/FloatFromCurve.uasset" 214
"../../Plugins/FX/Niagara/Content/DynamicInputs/UniformRange/UniformRangedVector.uasset" 215
"../../Plugins/FX/Niagara/Content/DynamicInputs/UniformRange/UniformRangedFloat.uasset" 216
"../../Plugins/FX/Niagara/Content/DynamicInputs/TypeConversions/VectorFromFloat.uasset" 217
"../../Plugins/FX/Niagara/Content/DynamicInputs/TypeConversions/Vector2DFromFloat.uasset" 218
"../../Plugins/FX/Niagara/Content/Modules/Update/Lifetime/ParticleState.uasset" 219
"../../Plugins/FX/Niagara/Content/DynamicInputs/Multiply/Multiply_VectorByFloat.uasset" 220
"../../Plugins/FX/Niagara/Content/DynamicInputs/Multiply/Multiply_Float.uasset" 221
"../../Plugins/FX/Niagara/Content/DynamicInputs/Angles/NormalizedAngleToDegrees.uasset" 222
"../../../../../Unreal/BlockGame2/UnrealLearningKitGames/Content/LearningKit_Games/Assets/Environment/Clouds/SM_Cloud_C.uasset" 223
"../../../../../Unreal/BlockGame2/UnrealLearningKitGames/Content/LearningKit_Games/Assets/VFX/Clouds/NE_Clouds.uasset" 224
"../../../../../Unreal/BlockGame2/UnrealLearningKitGames/Content/LearningKit_Games/Assets/Environment/Clouds/SM_Cloud_D.uasset" 225
"../../../../../Unreal/BlockGame2/UnrealLearningKitGames/Content/LearningKit_Games/Assets/Environment/Clouds/SM_Cloud_B.uasset" 226
"../../../../../Unreal/BlockGame2/UnrealLearningKitGames/Content/LearningKit_Games/Assets/Environment/Clouds/SM_Cloud_A.uasset" 227
"../../../../../Unreal/BlockGame2/UnrealLearningKitGames/Content/LearningKit_Games/Assets/VFX/Clouds/VFX_MeshClouds_Sky.uasset" 228
"../../../../../Unreal/BlockGame2/UnrealLearningKitGames/Content/LearningKit_Games/Assets/VFX/Dependencies/Textures/T_Celebrate.uasset" 229
"../../../../../Unreal/BlockGame2/UnrealLearningKitGames/Content/LearningKit_Games/Assets/VFX/Dependencies/Materials/M_ParticleMaskedFade.uasset" 230
"../../../../../Unreal/BlockGame2/UnrealLearningKitGames/Content/LearningKit_Games/Assets/VFX/Dependencies/Materials/MI_Lines.uasset" 231
"../../../../../Unreal/BlockGame2/UnrealLearningKitGames/Content/LearningKit_Games/Assets/VFX/Dependencies/Textures/T_WindRibbonRev.uasset" 232
"../../../../../Unreal/BlockGame2/UnrealLearningKitGames/Content/LearningKit_Games/Assets/VFX/Dependencies/Materials/MI_WindRibbonREV.uasset" 233
"../../../../../Unreal/BlockGame2/UnrealLearningKitGames/Content/LearningKit_Games/Assets/VFX/Dependencies/Textures/T_SimplexNoise.uasset" 234
"../../../../../Unreal/BlockGame2/UnrealLearningKitGames/Content/LearningKit_Games/Assets/VFX/Dependencies/Textures/T_Noise.uasset" 235
"../../../../../Unreal/BlockGame2/UnrealLearningKitGames/Content/LearningKit_Games/Assets/VFX/Dependencies/Materials/M_WindTunnel.uasset" 236
"../../../../../Unreal/BlockGame2/UnrealLearningKitGames/Content/LearningKit_Games/Assets/VFX/Dependencies/Materials/MI_WindTunnel_2.uasset" 237
"../../../../../Unreal/BlockGame2/UnrealLearningKitGames/Content/LearningKit_Games/Assets/VFX/Dependencies/Textures/T_NoiseA.uasset" 238
"../../../../../Unreal/BlockGame2/UnrealLearningKitGames/Content/LearningKit_Games/Assets/VFX/Dependencies/Textures/T_simplexNoise_height.uasset" 239
"../../../../../Unreal/BlockGame2/UnrealLearningKitGames/Content/LearningKit_Games/Assets/VFX/Dependencies/Textures/T_simplexNoise_normal.uasset" 240
"../../../../../Unreal/BlockGame2/UnrealLearningKitGames/Content/LearningKit_Games/Assets/VFX/Dependencies/Textures/T_WindLead.uasset" 241
"../../../../../Unreal/BlockGame2/UnrealLearningKitGames/Content/LearningKit_Games/Assets/VFX/Dependencies/Textures/T_WindTunnelMask.uasset" 242
"../../Plugins/FX/Niagara/Content/Functions/Rotation/MultiplyVectorWithQuaternion.uasset" 243
"../../Plugins/FX/Niagara/Content/Functions/Rotation/InvertQuaternion.uasset" 244
"../../Plugins/FX/Niagara/Content/Modules/Collision/AddRotationalVelocity.uasset" 245
"../../Plugins/FX/Niagara/Content/DynamicInputs/ValueFromCurve/Vector2DFromCurve.uasset" 246
"../../Plugins/FX/Niagara/Content/Enums/ENiagaraChannelCorrelation.uasset" 247
"../../Plugins/FX/Niagara/Content/DynamicInputs/UniformRange/V2/UniformRangedLinearColor.uasset" 248
"../../Plugins/FX/Niagara/Content/DynamicInputs/TypeConversions/MakeVectorFromLinearColorRGB.uasset" 249
"../../Plugins/FX/Niagara/Content/DynamicInputs/TypeConversions/MakeVector3_FromColor.uasset" 250
"../../Plugins/FX/Niagara/Content/Enums/ENiagaraLinearColor_Channels.uasset" 251
"../../Plugins/FX/Niagara/Content/Enums/ENiagaraVector4_Channels.uasset" 252
"../../Plugins/FX/Niagara/Content/Functions/ChannelMasks/SelectV4Channel.uasset" 253
"../../Plugins/FX/Niagara/Content/DynamicInputs/TypeConversions/MakeFloatFromLinearColor.uasset" 254
"../../Plugins/FX/Niagara/Content/DynamicInputs/Lerp/Lerp_Float.uasset" 255
"../../Plugins/FX/Niagara/Content/DynamicInputs/Add/Add_Float.uasset" 256
"../../Plugins/FX/Niagara/Content/DynamicInputs/ValueFromCurve/ColorFromCurve.uasset" 257
"../../Plugins/FX/Niagara/Content/DefaultAssets/DefaultSpriteMaterial.uasset" 258
"../../Plugins/FX/Niagara/Content/Modules/Update/Forces/GravityForce.uasset" 259
"../../Plugins/FX/Niagara/Content/Modules/Update/Color/Color.uasset" 260
"../../Plugins/FX/Niagara/Content/Functions/Math/RemapValueRange.uasset" 261
"../../Plugins/FX/Niagara/Content/Functions/PolarToCartesianCoordinates.uasset" 262
"../../Plugins/FX/Niagara/Content/Functions/RandomVectorInCone.uasset" 263
"../../Plugins/FX/Niagara/Content/Modules/Spawn/Velocity/AddVelocityInCone.uasset" 264
"../../../../../Unreal/BlockGame2/UnrealLearningKitGames/Content/LearningKit_Games/Assets/VFX/Emitters/Character/PEN_Twinkles.uasset" 265
"../../../Engine/Content/Functions/Engine_MaterialFunctions01/Density/ExponentialDensity.uasset" 266
"../../../Engine/Content/Functions/Engine_MaterialFunctions01/Gradient/RadialGradientExponential.uasset" 267
"../../../../../Unreal/BlockGame2/UnrealLearningKitGames/Content/LearningKit_Games/Assets/VFX/Dependencies/Materials/M_TwinklingStars.uasset" 268
"../../../../../Unreal/BlockGame2/UnrealLearningKitGames/Content/LearningKit_Games/Assets/VFX/Dependencies/Materials/MI_TwinklingStars.uasset" 269
"../../Plugins/FX/Niagara/Content/Enums/ENiagaraMassByVolume.uasset" 270
"../../Plugins/FX/Niagara/Content/Modules/Update/Mass/CalculateSizeAndRotationalInertiaByMass.uasset" 271
"../../../../../Unreal/BlockGame2/UnrealLearningKitGames/Content/LearningKit_Games/Assets/VFX/Emitters/Character/PEN_TwinkleAura.uasset" 272
"../../../../../Unreal/BlockGame2/UnrealLearningKitGames/Content/LearningKit_Games/Assets/VFX/Dependencies/Textures/T_topUpwardsAura.uasset" 273
"../../../../../Unreal/BlockGame2/UnrealLearningKitGames/Content/LearningKit_Games/Assets/VFX/Dependencies/Materials/MI_TopUnderlitAura.uasset" 274
"../../../../../Unreal/BlockGame2/UnrealLearningKitGames/Content/LearningKit_Games/Assets/VFX/Emitters/Character/PEN_TopUpwardsAura.uasset" 275
"../../Plugins/FX/Niagara/Content/Modules/Solvers/SolveRotationalForcesAndVelocity.uasset" 276
"../../../../../Unreal/BlockGame2/UnrealLearningKitGames/Content/LearningKit_Games/Assets/VFX/Dependencies/Textures/T_RadialMask.uasset" 277
"../../../../../Unreal/BlockGame2/UnrealLearningKitGames/Content/LearningKit_Games/Assets/VFX/Dependencies/Materials/MI_GroundAura.uasset" 278
"../../Plugins/FX/Niagara/Content/Modules/Update/Orientation/AlignSpriteToMeshOrientation.uasset" 279
"../../Plugins/FX/Niagara/Content/Modules/Update/Material/DynamicMaterialParameters.uasset" 280
"../../../../../Unreal/BlockGame2/UnrealLearningKitGames/Content/LearningKit_Games/Assets/VFX/Emitters/Character/PEN_GroundAura1.uasset" 281
"../../Plugins/FX/Niagara/Content/Modules/Update/Orientation/V2/MeshRotationForce.uasset" 282
"../../Plugins/FX/Niagara/Content/Modules/Update/Forces/AccelerationForce.uasset" 283
"../../Plugins/FX/Niagara/Content/Modules/Solvers/ApplyInitialForces.uasset" 284
"../../../Engine/Content/EngineMaterials/T_Default_Material_Grid_N.uasset" 285
"../../../Engine/Content/EngineMaterials/T_Default_Material_Grid_M.uasset" 286
"../../../Engine/Content/Functions/Engine_MaterialFunctions01/Opacity/CameraDepthFade.uasset" 287
"../../../Engine/Content/EngineMaterials/WorldGridMaterial.uasset" 288
"../../../../../Unreal/BlockGame2/UnrealLearningKitGames/Content/LearningKit_Games/Assets/VFX/Dependencies/Meshes/SM_LeafLogo.uasset" 289
"../../../../../Unreal/BlockGame2/UnrealLearningKitGames/Content/LearningKit_Games/Assets/VFX/Dependencies/Materials/M_VFX_EmissiveMesh.uasset" 290
"../../../../../Unreal/BlockGame2/UnrealLearningKitGames/Content/LearningKit_Games/Assets/VFX/Dependencies/Materials/MI_LeafLogo.uasset" 291
"../../../../../Unreal/BlockGame2/UnrealLearningKitGames/Content/LearningKit_Games/Assets/VFX/Emitters/Character/NE_LogoLines_Mesh.uasset" 292
"../../../../../Unreal/BlockGame2/UnrealLearningKitGames/Content/LearningKit_Games/Assets/VFX/Dependencies/Meshes/SM_LogoSweepMesh.uasset" 293
"../../../../../Unreal/BlockGame2/UnrealLearningKitGames/Content/LearningKit_Games/Assets/VFX/Dependencies/Textures/T_LogoLines.uasset" 294
"../../../../../Unreal/BlockGame2/UnrealLearningKitGames/Content/LearningKit_Games/Assets/VFX/Dependencies/Materials/M_LogoSweep.uasset" 295
"../../../../../Unreal/BlockGame2/UnrealLearningKitGames/Content/LearningKit_Games/Assets/VFX/Dependencies/Materials/MI_LogoSweep.uasset" 296
"../../Plugins/FX/Niagara/Content/Modules/Spawn/Location/SystemLocation.uasset" 297
"../../Plugins/FX/Niagara/Content/Functions/SphericalToCartesianCoordinates.uasset" 298
"../../Plugins/FX/Niagara/Content/Functions/Math/ConeSphereIntersection.uasset" 299
"../../Plugins/FX/Niagara/Content/Modules/Spawn/Location/ConeLocation.uasset" 300
"../../../../../Unreal/BlockGame2/UnrealLearningKitGames/Content/LearningKit_Games/Assets/VFX/Emitters/Character/NS_Celebrate.uasset" 301
"../../../../../Unreal/BlockGame2/UnrealLearningKitGames/Content/LearningKit_Games/Assets/VFX/Emitters/Character/PEN_Lines.uasset" 302
"../../../../../Unreal/BlockGame2/UnrealLearningKitGames/Content/LearningKit_Games/Assets/VFX/Dependencies/Textures/T_Celebrate_upwardsAura.uasset" 303
"../../../../../Unreal/BlockGame2/UnrealLearningKitGames/Content/LearningKit_Games/Assets/VFX/Dependencies/Materials/MI_UnderlitAura.uasset" 304
"../../../../../Unreal/BlockGame2/UnrealLearningKitGames/Content/LearningKit_Games/Assets/VFX/Emitters/Character/PEN_UpwardsAura.uasset" 305
"../../../../../Unreal/BlockGame2/UnrealLearningKitGames/Content/LearningKit_Games/Assets/VFX/Dependencies/Textures/T_WindWipe.uasset" 306
"../../../../../Unreal/BlockGame2/UnrealLearningKitGames/Content/LearningKit_Games/Assets/VFX/Dependencies/Materials/M_WindWipe.uasset" 307
"../../../../../Unreal/BlockGame2/UnrealLearningKitGames/Content/LearningKit_Games/Assets/VFX/Dependencies/Materials/MI_WindWipe.uasset" 308
"../../../../../Unreal/BlockGame2/UnrealLearningKitGames/Content/LearningKit_Games/Assets/VFX/Dependencies/Meshes/WindPlane.uasset" 309
"../../Plugins/FX/Niagara/Content/Modules/Update/Size/ScaleSpriteSizeBySpeed.uasset" 310
"../../../../../Unreal/BlockGame2/UnrealLearningKitGames/Content/LearningKit_Games/Assets/VFX/Emitters/Enviroment/NE_WindWipe.uasset" 311
"../../../../../Unreal/BlockGame2/UnrealLearningKitGames/Content/LearningKit_Games/Assets/VFX/Dependencies/Textures/T_WindTunnelRibbon.uasset" 312
"../../../../../Unreal/BlockGame2/UnrealLearningKitGames/Content/LearningKit_Games/Assets/VFX/Dependencies/Materials/M_WindStreak.uasset" 313
"../../../../../Unreal/BlockGame2/UnrealLearningKitGames/Content/LearningKit_Games/Assets/VFX/Dependencies/Textures/T_WindRibbon.uasset" 314
"../../../../../Unreal/BlockGame2/UnrealLearningKitGames/Content/LearningKit_Games/Assets/VFX/Dependencies/Materials/MI_WindRibbon.uasset" 315
"../../Plugins/FX/Niagara/Content/Enums/ENiagaraTorusMode.uasset" 316
"../../Plugins/FX/Niagara/Content/Modules/Update/Forces/WindForce.uasset" 317
"../../Plugins/FX/Niagara/Content/Functions/NormalizeDistanceRange.uasset" 318
"../../Plugins/FX/Niagara/Content/Modules/Update/Forces/VortexForce.uasset" 319
"../../Plugins/FX/Niagara/Content/Functions/Localspace/TransformOffset.uasset" 320
"../../Plugins/FX/Niagara/Content/Modules/Spawn/Velocity/ScaleVelocity.uasset" 321
"../../Plugins/FX/Niagara/Content/Functions/RandomRange.uasset" 322
"../../Plugins/FX/Niagara/Content/Functions/ParametricTorusKnot.uasset" 323
"../../Plugins/FX/Niagara/Content/Functions/ParametricTorus.uasset" 324
"../../Plugins/FX/Niagara/Content/Modules/Spawn/Location/TorusLocation.uasset" 325
"../../Plugins/FX/Niagara/Content/Modules/Ribbons/ScaleRibbonWidth.uasset" 326
"../../Plugins/FX/Niagara/Content/Functions/RandomRangeInteger.uasset" 327
"../../Plugins/FX/Niagara/Content/DynamicInputs/UniformRange/UniformRangedInt.uasset" 328
"../../Plugins/FX/Niagara/Content/DynamicInputs/TypeConversions/MakeVector.uasset" 329
"../../Plugins/FX/Niagara/Content/DynamicInputs/TypeConversions/BreakVector.uasset" 330
"../../Plugins/FX/Niagara/Content/Enums/ENiagaraOrientationAxis.uasset" 331
"../../Plugins/FX/Niagara/Content/Functions/RandomUnitVector.uasset" 332
"../../Plugins/FX/Niagara/Content/Functions/RandomVector.uasset" 333
"../../Plugins/FX/Niagara/Content/Modules/Spawn/Location/CylinderLocation.uasset" 334
"../../Plugins/FX/Niagara/Content/Modules/Ribbons/FN_InitializeRibbonAttributes.uasset" 335
"../../Plugins/FX/Niagara/Content/DefaultAssets/Structs/LocationEvent.uasset" 336
"../../Plugins/FX/Niagara/Content/Modules/Events/ReceiveLocationEvent.uasset" 337
"../../../../../Unreal/BlockGame2/UnrealLearningKitGames/Content/LearningKit_Games/Assets/VFX/Emitters/Enviroment/NE_Wind_Trails.uasset" 338
"../../Plugins/FX/Niagara/Content/Functions/DistanceBasedFalloff.uasset" 339
"../../Plugins/FX/Niagara/Content/Modules/Spawn/Velocity/AddVelocityFromPoint.uasset" 340
"../../Plugins/FX/Niagara/Content/Functions/Helpers/AdvancePositionWithAcceleration.uasset" 341
"../../Plugins/FX/Niagara/Content/Modules/Events/GenerateLocationEvent.uasset" 342
"../../Plugins/FX/Niagara/Content/DynamicInputs/Helpers/SimulationPosition.uasset" 343
"../../../../../Unreal/BlockGame2/UnrealLearningKitGames/Content/LearningKit_Games/Assets/VFX/Emitters/Enviroment/NE_Wind_Lead.uasset" 344
"../../../../../Unreal/BlockGame2/UnrealLearningKitGames/Content/LearningKit_Games/Assets/VFX/Emitters/Enviroment/NS_Wind.uasset" 345
"../../Plugins/FX/Niagara/Content/Enums/ENiagaraVector3_Channels.uasset" 346
"../../../../../Unreal/BlockGame2/UnrealLearningKitGames/Content/LearningKit_Games/Assets/VFX/Dependencies/Textures/T_WindWisp.uasset" 347
"../../../../../Unreal/BlockGame2/UnrealLearningKitGames/Content/LearningKit_Games/Assets/VFX/Dependencies/Materials/M_WindTunnelWisps.uasset" 348
"../../../../../Unreal/BlockGame2/UnrealLearningKitGames/Content/LearningKit_Games/Assets/VFX/Dependencies/Materials/MI_WindTunnelWisps.uasset" 349
"../../../../../Unreal/BlockGame2/UnrealLearningKitGames/Content/LearningKit_Games/Assets/VFX/Dependencies/Materials/M_WindTunnelRibbons.uasset" 350
"../../../../../Unreal/BlockGame2/UnrealLearningKitGames/Content/LearningKit_Games/Assets/VFX/Dependencies/Materials/MI_WindTunnelRibbons.uasset" 351
"../../../../../Unreal/BlockGame2/UnrealLearningKitGames/Content/LearningKit_Games/Assets/VFX/Dependencies/Materials/MI_WindTunnel.uasset" 352
"../../../../../Unreal/BlockGame2/UnrealLearningKitGames/Content/LearningKit_Games/Assets/VFX/Dependencies/Meshes/SM_WindTunnel.uasset" 353
"../../../../../Unreal/BlockGame2/UnrealLearningKitGames/Content/LearningKit_Games/Assets/VFX/Dependencies/Textures/T_WindLeadSide.uasset" 354
"../../../../../Unreal/BlockGame2/UnrealLearningKitGames/Content/LearningKit_Games/Assets/VFX/Dependencies/Materials/MI_WindLead.uasset" 355
"../../Plugins/FX/Niagara/Content/Functions/ChannelMasks/SelectV3Channel.uasset" 356
"../../Plugins/FX/Niagara/Content/DynamicInputs/TypeConversions/MakeFloatFromVector.uasset" 357
"../../Plugins/FX/Niagara/Content/DynamicInputs/TypeConversions/MakeLinearColor.uasset" 358
"../../Plugins/FX/Niagara/Content/DynamicInputs/TypeConversions/BreakLinearColor.uasset" 359
"../../Plugins/FX/Niagara/Content/DynamicInputs/ScaleByCurve/ScaleVectorByCurve.uasset" 360
"../../Plugins/FX/Niagara/Content/Functions/Math/SmoothLerpOverTime.uasset" 361
"../../Plugins/FX/Niagara/Content/DynamicInputs/Lerp/SmoothLerpOverTime_Float.uasset" 362
"../../../../../Unreal/BlockGame2/UnrealLearningKitGames/Content/LearningKit_Games/Assets/VFX/Emitters/Enviroment/NE_WindTunnel.uasset" 363
"../../Plugins/FX/Niagara/Content/Modules/Spawn/Initialization/InitializeRibbon.uasset" 364
"../../../../../Unreal/BlockGame2/UnrealLearningKitGames/Content/LearningKit_Games/Assets/VFX/Emitters/Enviroment/NE_WindStreams_Trails.uasset" 365
"../../../../../Unreal/BlockGame2/UnrealLearningKitGames/Content/LearningKit_Games/Assets/VFX/Emitters/Enviroment/NE_WindStreams_Lead.uasset" 366
"../../../../../Unreal/BlockGame2/UnrealLearningKitGames/Content/LearningKit_Games/Assets/VFX/Emitters/Enviroment/NS_WindTunnel.uasset" 367
"../../../../../Unreal/BlockGame2/UnrealLearningKitGames/Content/LearningKit_Games/Assets/VFX/Pollen/T_VFX_aura_noise.uasset" 368
"../../../../../Unreal/BlockGame2/UnrealLearningKitGames/Content/LearningKit_Games/Assets/_Shared/Functions/MF_GradientMap.uasset" 369
"../../../../../Unreal/BlockGame2/UnrealLearningKitGames/Content/LearningKit_Games/Assets/_Shared/Gradients/CA_Gradients.uasset" 370
"../../../../../Unreal/BlockGame2/UnrealLearningKitGames/Content/LearningKit_Games/Assets/_Shared/Gradients/CL_Gradient_RedYellow.uasset" 371
"../../../../../Unreal/BlockGame2/UnrealLearningKitGames/Content/LearningKit_Games/Assets/_Shared/Materials/M_Fresnel_MasterMaterial.uasset" 372
"../../../../../Unreal/BlockGame2/UnrealLearningKitGames/Content/LearningKit_Games/Assets/_Shared/Materials/M_unsharpmask_POST.uasset" 373
"../../../Engine/Content/Animation/DefaultAnimCurveCompressionSettings.uasset" 374
"../../../Engine/Content/ArtTools/RenderToTexture/Meshes/S_1_Unit_Plane.uasset" 375
"../../../Engine/Content/EngineMaterials/DefaultMaterial.uasset" 376
"../../../Engine/Content/BasicShapes/Cone.uasset" 377
"../../../Engine/Content/BasicShapes/Cube.uasset" 378
"../../../Engine/Content/BasicShapes/Plane.uasset" 379
"../../../Engine/Content/EditorLandscapeResources/DataLayer.uasset" 380
"../../../Engine/Content/EditorLandscapeResources/DefaultAlphaTexture.uasset" 381
"../../../Engine/Content/EditorMaterials/MAT_Groups_Toggle.uasset" 382
"../../../Engine/Content/EditorMaterials/MAT_Groups_Visibility.uasset" 383
"../../../Engine/Content/EditorMaterials/PreviewShadowIndicator.uasset" 384
"../../../Engine/Content/EditorMaterials/PreviewShadowIndicatorMaterial.uasset" 385
"../../../Engine/Content/EditorMaterials/MatineeGroups/MAT_ColorTrack.uasset" 386
"../../../Engine/Content/EditorMaterials/MatineeGroups/MAT_Groups_Anim.uasset" 387
"../../../Engine/Content/EditorMaterials/MatineeGroups/MAT_Groups_AudioMaster.uasset" 388
"../../../Engine/Content/EditorMaterials/MatineeGroups/MAT_Groups_Director.uasset" 389
"../../../Engine/Content/EditorMaterials/MatineeGroups/MAT_Groups_Event.uasset" 390
"../../../Engine/Content/EditorMaterials/MatineeGroups/MAT_Groups_Fade.uasset" 391
"../../../Engine/Content/EditorMaterials/MatineeGroups/MAT_Groups_Float.uasset" 392
"../../../Engine/Content/EditorMaterials/MatineeGroups/MAT_Groups_Move.uasset" 393
"../../../Engine/Content/EditorMaterials/MatineeGroups/MAT_Groups_Slomo.uasset" 394
"../../../Engine/Content/EditorMaterials/MatineeGroups/MAT_Groups_Sound.uasset" 395
"../../../Engine/Content/EditorMaterials/MatineeGroups/MAT_Groups_Vector.uasset" 396
"../../../Engine/Content/EditorMaterials/ParticleSystems/PSysThumbnail_NoImage.uasset" 397
"../../../Engine/Content/EditorMaterials/ParticleSystems/PSysThumbnail_OOD.uasset" 398
"../../../Engine/Content/EditorMaterials/Camera/CineMat.uasset" 399
"../../../Engine/Content/EditorMaterials/Camera/MI_CineMat_Rig.uasset" 400
"../../../Engine/Content/EditorMeshes/Camera/SM_CraneRig_Arm.uasset" 401
"../../../Engine/Content/EditorMeshes/Camera/SM_CraneRig_Base.uasset" 402
"../../../Engine/Content/EditorMeshes/Camera/SM_CraneRig_Body.uasset" 403
"../../../Engine/Content/EditorMeshes/Camera/SM_CraneRig_Mount.uasset" 404
"../../../Engine/Content/EditorMeshes/Camera/SM_RailRig_Mount.uasset" 405
"../../../Engine/Content/EditorMeshes/Camera/SM_RailRig_Track.uasset" 406
"../../../Engine/Content/EditorResources/BSPVertex.uasset" 407
"../../../Engine/Content/EditorResources/EmptyActor.uasset" 408
"../../../Engine/Content/EditorResources/S_Actor.uasset" 409
"../../../Engine/Content/EditorResources/S_Note.uasset" 410
"../../../Engine/Content/EditorResources/S_Solver.uasset" 411
"../../../Engine/Content/EditorResources/S_Terrain.uasset" 412
"../../../Engine/Content/EditorResources/S_Trigger.uasset" 413
"../../../Engine/Content/EditorResources/SequenceRecorder/Countdown.uasset" 414
"../../../Engine/Content/EditorResources/SequenceRecorder/RecordingIndicator.uasset" 415
"../../../Engine/Content/EngineDamageTypes/DmgTypeBP_Environmental.uasset" 416
"../../../Engine/Content/EngineDebugMaterials/DebugEditorMaterial.uasset" 417
"../../../Engine/Content/EngineDebugMaterials/DebugMeshMaterial.uasset" 418
"../../../Engine/Content/EngineDebugMaterials/M_SimpleUnlitTranslucent.uasset" 419
"../../../Engine/Content/EngineDebugMaterials/VolumeToRender.uasset" 420
"../../../Engine/Content/Functions/Engine_MaterialFunctions02/Utility/CameraDirectionVector.uasset" 421
"../../../Engine/Content/EngineDebugMaterials/M_VolumeRenderSphereTracePP.uasset" 422
"../../../Engine/Content/Functions/Engine_MaterialFunctions01/Shading/ConvertFromDiffSpec.uasset" 423
"../../../Engine/Content/EngineDebugMaterials/VertexColorMaterial.uasset" 424
"../../../Engine/Content/EngineDebugMaterials/WireframeMaterial.uasset" 425
"../../../Engine/Content/EngineFonts/Faces/RobotoRegular.uasset" 426
"../../../Engine/Content/EngineFonts/Faces/RobotoLight.uasset" 427
"../../../Engine/Content/EngineFonts/Faces/RobotoItalic.uasset" 428
"../../../Engine/Content/EngineFonts/Faces/RobotoBoldItalic.uasset" 429
"../../../Engine/Content/EngineFonts/Faces/RobotoBold.uasset" 430
"../../../Engine/Content/EngineFonts/Faces/DroidSansFallback.uasset" 431
"../../../Engine/Content/EngineFonts/Roboto.uasset" 432
"../../../Engine/Content/EngineMaterials/BaseFlattenNormalMap.uasset" 433
"../../../Engine/Content/EngineMaterials/BaseFlattenGrayscaleMap.uasset" 434
"../../../Engine/Content/EngineMaterials/BaseFlattenEmissiveMap.uasset" 435
"../../../Engine/Content/EngineMaterials/BaseFlattenDiffuseMap.uasset" 436
"../../../Engine/Content/EngineMaterials/BaseFlattenMaterial.uasset" 437
"../../../Engine/Content/EngineMaterials/BlueNoise.uasset" 438
"../../../Engine/Content/EngineMaterials/DefaultBloomKernel.uasset" 439
"../../../Engine/Content/EngineMaterials/DefaultBokeh.uasset" 440
"../../../Engine/Content/EngineMaterials/DefaultDeferredDecalMaterial.uasset" 441
"../../../Engine/Content/EngineMaterials/DefaultLightFunctionMaterial.uasset" 442
"../../../Engine/Content/EngineMaterials/DefaultPhysicalMaterial.uasset" 443
"../../../Engine/Content/Functions/Engine_MaterialFunctions02/Utility/BreakOutFloat2Components.uasset" 444
"../../../Engine/Content/EngineMaterials/DefaultPostProcessMaterial.uasset" 445
"../../../Engine/Content/EngineFonts/RobotoDistanceField.uasset" 446
"../../../Engine/Content/EngineMaterials/DefaultTextMaterialOpaque.uasset" 447
"../../../Engine/Content/EngineMaterials/DefaultWhiteGrid.uasset" 448
"../../../Engine/Content/EngineMaterials/DefaultWhiteGrid_Low.uasset" 449
"../../../Engine/Content/EngineMaterials/EmissiveMeshMaterial.uasset" 450
"../../../Engine/Content/EngineMaterials/GizmoMaterial.uasset" 451
"../../../Engine/Content/EngineMaterials/Good64x64TilingNoiseHighFreq.uasset" 452
"../../../Engine/Content/EngineMaterials/MiniFont.uasset" 453
"../../../Engine/Content/EngineMaterials/InvalidLightmapSettings.uasset" 454
"../../../Engine/Content/EngineMaterials/M_InvalidLightmapSettings.uasset" 455
"../../../Engine/Content/Functions/Engine_MaterialFunctions02/WorldPositionOffset/CameraOffset.uasset" 456
"../../../Engine/Content/EngineMaterials/PhAT_JointLimitMaterial.uasset" 457
"../../../Engine/Content/EngineMaterials/PreintegratedSkinBRDF.uasset" 458
"../../../Engine/Content/EngineMaterials/RemoveSurfaceMaterial.uasset" 459
"../../../Engine/Content/EngineMaterials/WeightMapPlaceholderTexture.uasset" 460
"../../../Engine/Content/EngineResources/WhiteSquareTexture.uasset" 461
"../../../Engine/Content/EngineMaterials/Widget3DPassThrough.uasset" 462
"../../../Engine/Content/EngineMaterials/Widget3DPassThrough_Masked.uasset" 463
"../../../Engine/Content/EngineMaterials/Widget3DPassThrough_Opaque.uasset" 464
"../../../Engine/Content/EngineMaterials/Widget3DPassThrough_Masked_OneSided.uasset" 465
"../../../Engine/Content/EngineMaterials/Widget3DPassThrough_Opaque_OneSided.uasset" 466
"../../../Engine/Content/EngineMaterials/Widget3DPassThrough_Translucent.uasset" 467
"../../../Engine/Content/EngineMaterials/Widget3DPassThrough_Translucent_OneSided.uasset" 468
"../../../Engine/Content/EngineMeshes/Cylinder.uasset" 469
"../../../Engine/Content/EngineMeshes/Sphere.uasset" 470
"../../../Engine/Content/EngineResources/Black.uasset" 471
"../../../Engine/Content/EngineResources/DefaultTextureCube.uasset" 472
"../../../Engine/Content/EngineResources/DefaultVolumeTexture2D.uasset" 473
"../../../Engine/Content/EngineResources/DefaultVolumeTexture.uasset" 474
"../../../Engine/Content/EngineResources/GradientTexture0.uasset" 475
"../../../Engine/Content/EngineSky/VolumetricClouds/T_NoiseShape64.uasset" 476
"../../../Engine/Content/EngineSky/VolumetricClouds/T_VolumeNoiseShape64.uasset" 477
"../../../Engine/Content/EngineSky/VolumetricClouds/T_NoiseErosion.uasset" 478
"../../../Engine/Content/EngineSky/VolumetricClouds/T_VolumeNoiseErosion32.uasset" 479
"../../../Engine/Content/EngineSky/VolumetricClouds/CloudWeatherTexture.uasset" 480
"../../../Engine/Content/EngineSky/VolumetricClouds/CloudGradientTexture.uasset" 481
"../../../Engine/Content/Functions/Engine_MaterialFunctions02/Utility/MakeFloat2.uasset" 482
"../../../Engine/Content/EngineSky/VolumetricClouds/m_SimpleVolumetricCloud.uasset" 483
"../../../Engine/Content/EngineSky/VolumetricClouds/m_SimpleVolumetricCloud_Inst.uasset" 484
"../../../Engine/Content/EngineSounds/Master.uasset" 485
"../../../Engine/Content/Functions/Engine_MaterialFunctions01/Shading/PowerToRoughness.uasset" 486
"../../../Engine/Content/Maps/Templates/Thumbnails/Default.uasset" 487
"../../../Engine/Content/Maps/Templates/Thumbnails/TimeOfDay.uasset" 488
"../../../Engine/Content/Maps/Templates/Thumbnails/VR-Basic.uasset" 489
"../../../Engine/Content/MobileResources/T_MobileControls_texture.uasset" 490
"../../../Engine/Content/MobileResources/T_MobileMenu2.uasset" 491
"../../../Engine/Content/MobileResources/HUD/AnalogHat.uasset" 492
"../../../Engine/Content/MobileResources/HUD/VirtualJoystick_Thumb.uasset" 493
"../../../Engine/Content/MobileResources/HUD/VirtualJoystick_Background.uasset" 494
"../../../Engine/Content/MobileResources/HUD/DefaultVirtualJoysticks.uasset" 495
"../../../Engine/Content/MobileResources/HUD/LeftVirtualJoystickOnly.uasset" 496
"../../../Engine/Content/MobileResources/HUD/MobileHUDButton1_off.uasset" 497
"../../../Engine/Content/MobileResources/HUD/MobileHUDButton1_on.uasset" 498
"../../../Engine/Content/MobileResources/HUD/MobileHUDButton2_off.uasset" 499
"../../../Engine/Content/MobileResources/HUD/MobileHUDButton2_on.uasset" 500
"../../../Engine/Content/MobileResources/HUD/MobileHUDButton3.uasset" 501
"../../../Engine/Content/MobileResources/HUD/MobileHUDButtonFire.uasset" 502
"../../../Engine/Content/MobileResources/HUD/MobileHUDDirectionPad.uasset" 503
"../../../Engine/Content/MobileResources/HUD/MobileHUDDirectionPad2.uasset" 504
"../../../Engine/Content/MobileResources/HUD/MobileHUDDirectionPad3.uasset" 505
"../../../Engine/Content/MobileResources/HUD/MobileHUDDirectionStick.uasset" 506
"../../../Engine/Content/MobileResources/HUD/T_Castle_ThumbstickInner.uasset" 507
"../../../Engine/Content/MobileResources/HUD/T_Castle_ThumbstickOutter.uasset" 508
"../../../Engine/Content/Tutorial/ContentIntroCurve.uasset" 509
"../../../Engine/Content/Tutorial/Basics/LevelEditorAttract.uasset" 510
"../../../Engine/Content/Tutorial/Basics/TutorialAssets/icon_tab_Levels_40x.uasset" 511
"../../../Engine/Content/Tutorial/Basics/LevelEditorOverview.uasset" 512
"../../../Engine/Content/VREditor/TransformGizmo/TranslucentTransformGizmoMaterial.uasset" 513
"../../../Engine/Content/VREditor/LaserPointer/VR_LaserPower_01.uasset" 514
"../../../Engine/Content/VREditor/TransformGizmo/TransformGizmoMaterial.uasset" 515
"../../../Engine/Content/VREditor/TransformGizmo/BoundingBoxCorner.uasset" 516
"../../../Engine/Content/VREditor/TransformGizmo/BoundingBoxEdge.uasset" 517
"../../../Engine/Content/VREditor/TransformGizmo/PlaneTranslationHandle.uasset" 518
"../../../Engine/Content/VREditor/TransformGizmo/Xray.uasset" 519
"../../../Engine/Content/VREditor/TransformGizmo/Main.uasset" 520
"../../../Engine/Content/VREditor/TransformGizmo/SM_Sequencer_Key.uasset" 521
"../../../Engine/Content/VREditor/TransformGizmo/SM_Sequencer_Node.uasset" 522
"../../Plugins/2D/Paper2D/Content/PlaceholderTextures/DummySpriteTexture.uasset" 523
"../../Plugins/2D/Paper2D/Content/DummySprite.uasset" 524
"../../Plugins/2D/Paper2D/Content/DefaultPaperTerrainMaterial.uasset" 525
"../../Plugins/2D/Paper2D/Content/DefaultSpriteMaterial.uasset" 526
"../../Plugins/2D/Paper2D/Content/MaskedUnlitSpriteMaterial.uasset" 527
"../../Plugins/2D/Paper2D/Content/OpaqueUnlitSpriteMaterial.uasset" 528
"../../Plugins/Editor/SpeedTreeImporter/Content/SpeedTree9/UnpackInteger3.uasset" 529
"../../Plugins/Editor/SpeedTreeImporter/Content/SpeedTree9/UnpackDirection.uasset" 530
"../../Plugins/Editor/SpeedTreeImporter/Content/SpeedTree9/game_wind_noise.uasset" 531
"../../../Engine/Content/Functions/Engine_MaterialFunctions02/SafeNormalize.uasset" 532
"../../Plugins/Editor/SpeedTreeImporter/Content/SpeedTree9/SpeedTreeWindMotion.uasset" 533
"../../Plugins/Editor/SpeedTreeImporter/Content/SpeedTree9/SpeedTreeBranchMotion.uasset" 534
"../../../Engine/Content/Functions/Engine_MaterialFunctions02/ObjectLocalBounds.uasset" 535
"../../../Engine/Content/Functions/Engine_MaterialFunctions02/UVs/BoundingBoxBased_0-1_UVW.uasset" 536
"../../Plugins/Editor/SpeedTreeImporter/Content/SpeedTree9/SpeedTreeWind.uasset" 537
"../../Plugins/Editor/SpeedTreeImporter/Content/SpeedTree9/SpeedTreeBillboard.uasset" 538
"../../../Engine/Content/EngineResources/DefaultTexture.uasset" 539
"../../Plugins/Editor/SpeedTreeImporter/Content/SpeedTree9/SpeedTreeBillboardMaster.uasset" 540
"../../Plugins/Editor/SpeedTreeImporter/Content/SpeedTree9/SpeedTreeCameraFacing.uasset" 541
"../../Plugins/Editor/SpeedTreeImporter/Content/SpeedTree9/SpeedTreeMaster.uasset" 542
"../../../Engine/Content/BasicShapes/Cylinder.uasset" 543
"../../../Engine/Content/ArtTools/RenderToTexture/Materials/Debug/M_Emissive_Color.uasset" 544
"../../Plugins/Lumin/MagicLeapPassableWorld/Content/MagicLeapARPinInfoActor.uasset" 545
"../../Plugins/Runtime/HairStrands/Content/Materials/HairCardsDefaultMaterial.uasset" 546
"../../../Engine/Content/EngineMaterials/HairDebugColor.uasset" 547
"../../../Engine/Content/EngineMaterials/HairColorMap.uasset" 548
"../../../Engine/Content/Functions/Engine_MaterialFunctions02/Utility/MakeFloat3.uasset" 549
"../../Plugins/Runtime/HairStrands/Content/Materials/HairDebugMaterial.uasset" 550
"../../Plugins/Runtime/HairStrands/Content/Materials/HairDefaultMaterial.uasset" 551
"../../Plugins/Runtime/HairStrands/Content/Materials/HairMeshesDefaultMaterial.uasset" 552
"../../../Engine/Content/Functions/Engine_MaterialFunctions02/Utility/BreakOutFloat4Components.uasset" 553
"../../Plugins/Runtime/Oculus/OculusVR/Content/Materials/OculusMR_ChromaKey.uasset" 554
"../../Plugins/Runtime/Oculus/OculusVR/Content/Materials/OculusMR_OpaqueColoredMaterial.uasset" 555
"../../Plugins/Runtime/Oculus/OculusVR/Content/Materials/PokeAHoleMaterial.uasset" 556
"../../../../../Unreal/BlockGame2/UnrealLearningKitGames/Content/LearningKit_Games/Assets/VFX/Pollen/M_vfx_aura.uasset" 557
"../../../../../Unreal/BlockGame2/UnrealLearningKitGames/Content/LearningKit_Games/Assets/VFX/Pollen/MI_pollem_camerafade.uasset" 558
"../../../../../Unreal/BlockGame2/UnrealLearningKitGames/Content/LearningKit_Games/Assets/VFX/Pollen/vfx_pollen_magic_camera_fade.uasset" 559
"../../../../../Unreal/BlockGame2/UnrealLearningKitGames/Content/LearningKit_Games/Assets/VFX/LightRay/T_vfx_lightray_card_01_O.uasset" 560
"../../../../../Unreal/BlockGame2/UnrealLearningKitGames/Content/LearningKit_Games/Assets/VFX/LightRay/T_vfx_Light_Ray_01.uasset" 561
"../../../../../Unreal/BlockGame2/UnrealLearningKitGames/Content/LearningKit_Games/Assets/VFX/LightRay/T_vfx_Fog_01.uasset" 562
"../../../../../Unreal/BlockGame2/UnrealLearningKitGames/Content/LearningKit_Games/Assets/VFX/LightRay/M_vfx_lightray_01_bright.uasset" 563
"../../../../../Unreal/BlockGame2/UnrealLearningKitGames/Content/LearningKit_Games/Assets/VFX/LightRay/MI_lightray_01_bright.uasset" 564
"../../../../../Unreal/BlockGame2/UnrealLearningKitGames/Content/LearningKit_Games/Assets/VFX/LightRay/vfx_lightray_card_01_P1_soft1_sea.uasset" 565
"../../../../../Unreal/BlockGame2/UnrealLearningKitGames/Content/LearningKit_Games/Assets/Props/Powerups/Powerup_A/SM_Powerup_A.uasset" 566
"../../../../../Unreal/BlockGame2/UnrealLearningKitGames/Content/LearningKit_Games/Assets/Environment/Islands/Texture/T_FloatingIsland_Bot_S_BC.uasset" 567
"../../../../../Unreal/BlockGame2/UnrealLearningKitGames/Content/LearningKit_Games/Assets/Environment/Islands/Texture/T_FloatingIsland_Bot_S_ARM.uasset" 568
"../../../../../Unreal/BlockGame2/UnrealLearningKitGames/Content/LearningKit_Games/Assets/Environment/Islands/Texture/T_FloatingIsland_Bot_M_BC.uasset" 569
"../../../../../Unreal/BlockGame2/UnrealLearningKitGames/Content/LearningKit_Games/Assets/Environment/Islands/Texture/T_FloatingIsland_Bot_M_ARM.uasset" 570
"../../../../../Unreal/BlockGame2/UnrealLearningKitGames/Content/LearningKit_Games/Assets/Environment/Islands/Material/MI_FloatingIsland_Bot.uasset" 571
"../../../../../Unreal/BlockGame2/UnrealLearningKitGames/Content/LearningKit_Games/Assets/Environment/Islands/Material/MI_FloatingIsland_Bot_S.uasset" 572
"../../../../../Unreal/BlockGame2/UnrealLearningKitGames/Content/LearningKit_Games/Assets/Environment/Islands/SM_FloatingIsland_S.uasset" 573
"../../../../../Unreal/BlockGame2/UnrealLearningKitGames/Content/LearningKit_Games/Assets/Environment/Islands/SM_FloatingIsland_M.uasset" 574
"../../../../../Unreal/BlockGame2/UnrealLearningKitGames/Content/LearningKit_Games/Assets/Environment/Islands/Texture/T_FloatingIsland_Bot_L_BC.uasset" 575
"../../../../../Unreal/BlockGame2/UnrealLearningKitGames/Content/LearningKit_Games/Assets/Environment/Islands/Texture/T_FloatingIsland_Bot_L_ARM.uasset" 576
"../../../../../Unreal/BlockGame2/UnrealLearningKitGames/Content/LearningKit_Games/Assets/Environment/Islands/Material/MI_FloatingIsland_Bot_L.uasset" 577
"../../../../../Unreal/BlockGame2/UnrealLearningKitGames/Content/LearningKit_Games/Assets/Environment/Islands/SM_FloatingIsland_L.uasset" 578
"../../../../../Unreal/BlockGame2/UnrealLearningKitGames/Content/LearningKit_Games/Assets/Environment/Foliage/SM_Grass_Lt_04.uasset" 579
"../../../../../Unreal/BlockGame2/UnrealLearningKitGames/Content/LearningKit_Games/Assets/Environment/Foliage/SM_Grass_Lt_03.uasset" 580
"../../../../../Unreal/BlockGame2/UnrealLearningKitGames/Content/LearningKit_Games/Assets/Environment/Foliage/SM_Grass_Lt_02.uasset" 581
"../../../../../Unreal/BlockGame2/UnrealLearningKitGames/Content/LearningKit_Games/Assets/Environment/Foliage/SM_Grass_Lt_01.uasset" 582
"../../../../../Unreal/BlockGame2/UnrealLearningKitGames/Content/LearningKit_Games/Assets/Environment/Foliage/SM_Grass_Dk_05.uasset" 583
"../../../../../Unreal/BlockGame2/UnrealLearningKitGames/Content/LearningKit_Games/Assets/Environment/Foliage/SM_Grass_Dk_03.uasset" 584
"../../../../../Unreal/BlockGame2/UnrealLearningKitGames/Content/LearningKit_Games/Assets/Environment/Foliage/SM_Grass_Dk_02.uasset" 585
"../../../../../Unreal/BlockGame2/UnrealLearningKitGames/Content/LearningKit_Games/Assets/Environment/Foliage/SM_Grass_Dk_01.uasset" 586
"../../../../../Unreal/BlockGame2/UnrealLearningKitGames/Content/LearningKit_Games/Assets/Environment/Foliage/SM_CloverFlower_02.uasset" 587
"../../../../../Unreal/BlockGame2/UnrealLearningKitGames/Content/LearningKit_Games/Assets/Environment/Foliage/SM_CloverFlower_01.uasset" 588
"../../../../../Unreal/BlockGame2/UnrealLearningKitGames/Content/LearningKit_Games/Assets/Environment/Foliage/SM_Clover_02.uasset" 589
"../../../../../Unreal/BlockGame2/UnrealLearningKitGames/Content/LearningKit_Games/Assets/Environment/Foliage/SM_Clover_01.uasset" 590
"../../../../../Unreal/BlockGame2/UnrealLearningKitGames/Content/LearningKit_Games/Assets/Architecture/Walls/Texture/T_Kit_Wall_Window_BC.uasset" 591
"../../../../../Unreal/BlockGame2/UnrealLearningKitGames/Content/LearningKit_Games/Assets/Architecture/Walls/Texture/T_Kit_Wall_Window_ARM.uasset" 592
"../../../../../Unreal/BlockGame2/UnrealLearningKitGames/Content/LearningKit_Games/Assets/Architecture/Walls/Material/MI_Kit_Wall_Window.uasset" 593
"../../../../../Unreal/BlockGame2/UnrealLearningKitGames/Content/LearningKit_Games/Assets/Architecture/Walls/SM_Kit_Wall_Window.uasset" 594
"../../../../../Unreal/BlockGame2/UnrealLearningKitGames/Content/LearningKit_Games/Assets/Architecture/Walls/Texture/T_Kit_Wall_Straight_BC.uasset" 595
"../../../../../Unreal/BlockGame2/UnrealLearningKitGames/Content/LearningKit_Games/Assets/Architecture/Walls/Texture/T_Kit_Wall_Straight_ARM.uasset" 596
"../../../../../Unreal/BlockGame2/UnrealLearningKitGames/Content/LearningKit_Games/Assets/Architecture/Walls/Material/MI_Kit_Wall_Straight.uasset" 597
"../../../../../Unreal/BlockGame2/UnrealLearningKitGames/Content/LearningKit_Games/Assets/Architecture/Walls/SM_Kit_Wall_Straight.uasset" 598
"../../../../../Unreal/BlockGame2/UnrealLearningKitGames/Content/LearningKit_Games/Assets/Architecture/Walls/Texture/T_Kit_Wall_Door_BC.uasset" 599
"../../../../../Unreal/BlockGame2/UnrealLearningKitGames/Content/LearningKit_Games/Assets/Architecture/Walls/Texture/T_Kit_Wall_Door_ARM.uasset" 600
"../../../../../Unreal/BlockGame2/UnrealLearningKitGames/Content/LearningKit_Games/Assets/Architecture/Walls/Material/MI_Kit_Wall_Door.uasset" 601
"../../../../../Unreal/BlockGame2/UnrealLearningKitGames/Content/LearningKit_Games/Assets/Architecture/Walls/SM_Kit_Wall_Door.uasset" 602
"../../../../../Unreal/BlockGame2/UnrealLearningKitGames/Content/LearningKit_Games/Assets/Architecture/Walls/Texture/T_Kit_Wall_Diagonal_BC.uasset" 603
"../../../../../Unreal/BlockGame2/UnrealLearningKitGames/Content/LearningKit_Games/Assets/Architecture/Walls/Texture/T_Kit_Wall_Diagonal_ARM.uasset" 604
"../../../../../Unreal/BlockGame2/UnrealLearningKitGames/Content/LearningKit_Games/Assets/Architecture/Walls/Material/MI_Kit_Wall_Diagonal.uasset" 605
"../../../../../Unreal/BlockGame2/UnrealLearningKitGames/Content/LearningKit_Games/Assets/Architecture/Walls/SM_Kit_Wall_Diagonal.uasset" 606
"../../../../../Unreal/BlockGame2/UnrealLearningKitGames/Content/LearningKit_Games/Assets/Architecture/Stairs/Texture/T_Kit_Stairs_B_BC.uasset" 607
"../../../../../Unreal/BlockGame2/UnrealLearningKitGames/Content/LearningKit_Games/Assets/Architecture/Stairs/Texture/T_Kit_Stairs_B_ARM.uasset" 608
"../../../../../Unreal/BlockGame2/UnrealLearningKitGames/Content/LearningKit_Games/Assets/Architecture/Stairs/Texture/T_Kit_Stairs_A_BC.uasset" 609
"../../../../../Unreal/BlockGame2/UnrealLearningKitGames/Content/LearningKit_Games/Assets/Architecture/Stairs/Texture/T_Kit_Stairs_A_ARM.uasset" 610
"../../../../../Unreal/BlockGame2/UnrealLearningKitGames/Content/LearningKit_Games/Assets/Architecture/Stairs/Material/MI_Kit_Stairs_A.uasset" 611
"../../../../../Unreal/BlockGame2/UnrealLearningKitGames/Content/LearningKit_Games/Assets/Architecture/Stairs/Material/MI_Kit_Stairs_B.uasset" 612
"../../../../../Unreal/BlockGame2/UnrealLearningKitGames/Content/LearningKit_Games/Assets/Architecture/Stairs/SM_Kit_Stairs_B.uasset" 613
"../../../../../Unreal/BlockGame2/UnrealLearningKitGames/Content/LearningKit_Games/Assets/Architecture/Stairs/SM_Kit_Stairs_A.uasset" 614
"../../../../../Unreal/BlockGame2/UnrealLearningKitGames/Content/LearningKit_Games/Assets/Architecture/Roofs/Texture/T_Kit_Roof_Straight_BC.uasset" 615
"../../../../../Unreal/BlockGame2/UnrealLearningKitGames/Content/LearningKit_Games/Assets/Architecture/Roofs/Texture/T_Kit_Roof_Straight_ARM.uasset" 616
"../../../../../Unreal/BlockGame2/UnrealLearningKitGames/Content/LearningKit_Games/Assets/Architecture/Roofs/Material/MI_Kit_Roof_Straight.uasset" 617
"../../../../../Unreal/BlockGame2/UnrealLearningKitGames/Content/LearningKit_Games/Assets/Architecture/Roofs/SM_Kit_Roof_Straight.uasset" 618
"../../../../../Unreal/BlockGame2/UnrealLearningKitGames/Content/LearningKit_Games/Assets/Architecture/Roofs/Texture/T_Kit_Roof_Corner_Out_BC.uasset" 619
"../../../../../Unreal/BlockGame2/UnrealLearningKitGames/Content/LearningKit_Games/Assets/Architecture/Roofs/Texture/T_Kit_Roof_Corner_Out_ARM.uasset" 620
"../../../../../Unreal/BlockGame2/UnrealLearningKitGames/Content/LearningKit_Games/Assets/Architecture/Roofs/Material/MI_Kit_Roof_Corner_Out.uasset" 621
"../../../../../Unreal/BlockGame2/UnrealLearningKitGames/Content/LearningKit_Games/Assets/Architecture/Roofs/SM_Kit_Roof_Corner_Out.uasset" 622
"../../../../../Unreal/BlockGame2/UnrealLearningKitGames/Content/LearningKit_Games/Assets/Architecture/Roofs/Texture/T_Kit_Roof_Corner_In_BC.uasset" 623
"../../../../../Unreal/BlockGame2/UnrealLearningKitGames/Content/LearningKit_Games/Assets/Architecture/Roofs/Texture/T_Kit_Roof_Corner_In_ARM.uasset" 624
"../../../../../Unreal/BlockGame2/UnrealLearningKitGames/Content/LearningKit_Games/Assets/Architecture/Roofs/Material/MI_Kit_Roof_Corner_In.uasset" 625
"../../../../../Unreal/BlockGame2/UnrealLearningKitGames/Content/LearningKit_Games/Assets/Architecture/Roofs/SM_Kit_Roof_Corner_In.uasset" 626
"../../../../../Unreal/BlockGame2/UnrealLearningKitGames/Content/LearningKit_Games/Assets/Architecture/Gates/Texture/T_Gate_BC.uasset" 627
"../../../../../Unreal/BlockGame2/UnrealLearningKitGames/Content/LearningKit_Games/Assets/Architecture/Gates/Texture/T_Gate_ARM.uasset" 628
"../../../../../Unreal/BlockGame2/UnrealLearningKitGames/Content/LearningKit_Games/Assets/Architecture/Gates/Material/MI_Large_Gate.uasset" 629
"../../../../../Unreal/BlockGame2/UnrealLearningKitGames/Content/LearningKit_Games/Assets/Architecture/Gates/SM_Large_Gate_Frame.uasset" 630
"../../../../../Unreal/BlockGame2/UnrealLearningKitGames/Content/LearningKit_Games/Assets/Architecture/Gates/Texture/T_Forcefield_RGB.uasset" 631
"../../../../../Unreal/BlockGame2/UnrealLearningKitGames/Content/LearningKit_Games/Assets/Architecture/Gates/Texture/T_Forcefield_O.uasset" 632
"../../../../../Unreal/BlockGame2/UnrealLearningKitGames/Content/LearningKit_Games/Assets/Architecture/Gates/Texture/T_Forcefield_E.uasset" 633
"../../../../../Unreal/BlockGame2/UnrealLearningKitGames/Content/LearningKit_Games/Assets/Architecture/Gates/Texture/T_Forcefield_BC.uasset" 634
"../../../../../Unreal/BlockGame2/UnrealLearningKitGames/Content/LearningKit_Games/Assets/_Shared/Textures/T_Default_O.uasset" 635
"../../../../../Unreal/BlockGame2/UnrealLearningKitGames/Content/LearningKit_Games/Assets/_Shared/Materials/MI_Emissive_BaseInstance.uasset" 636
"../../../../../Unreal/BlockGame2/UnrealLearningKitGames/Content/LearningKit_Games/Assets/Architecture/Gates/Material/MI_Forcefield.uasset" 637
"../../../../../Unreal/BlockGame2/UnrealLearningKitGames/Content/LearningKit_Games/Assets/Architecture/Gates/SM_Large_Gate_Forcefield.uasset" 638
"../../../../../Unreal/BlockGame2/UnrealLearningKitGames/Content/LearningKit_Games/Assets/Architecture/Floors/SM_Kit_Floor.uasset" 639
"../../../Engine/Content/BasicShapes/Sphere.uasset" 640
"../../../../../Unreal/BlockGame2/UnrealLearningKitGames/Content/LearningKit_Games/Assets/VFX/Pollen/VFX_Pollen.uasset" 641
"../../../../../Unreal/BlockGame2/UnrealLearningKitGames/Content/LearningKit_Games/Assets/VFX/Clouds/VFX_MeshClouds_Base.uasset" 642
"../../../Engine/Content/Functions/Engine_MaterialFunctions02/SplitComponents.uasset" 643
"../../../Engine/Content/EngineSky/M_SkyTimeOfDay.uasset" 644
"../../../../../Unreal/BlockGame2/UnrealLearningKitGames/Content/LearningKit_Games/Assets/VFX/Emitters/Enviroment/NM_SplineFollow.uasset" 645
"../../../../../Unreal/BlockGame2/UnrealLearningKitGames/Content/LearningKit_Games/Assets/VFX/Emitters/Enviroment/NE_WindCurve.uasset" 646
"../../../../../Unreal/BlockGame2/UnrealLearningKitGames/Content/LearningKit_Games/Assets/VFX/Emitters/Enviroment/NS_WindCurveSystem.uasset" 647
"../../../../../Unreal/BlockGame2/UnrealLearningKitGames/Content/LearningKit_Games/Assets/VFX/Emitters/Enviroment/BP_WindSystem.uasset" 648
"../../../../../Unreal/BlockGame2/UnrealLearningKitGames/Content/BlockGame/Materials/Textures/crosshair.uasset" 649
"../../../../../Unreal/BlockGame2/UnrealLearningKitGames/Content/BlockGame/UI/HBP_Crosshair.uasset" 650
"../../../../../Unreal/BlockGame2/UnrealLearningKitGames/Content/BlockGame/Sounds/removeblock.uasset" 651
"../../../../../Unreal/BlockGame2/UnrealLearningKitGames/Content/BlockGame/Sounds/placeblock.uasset" 652
"../../../../../Unreal/BlockGame2/UnrealLearningKitGames/Content/BlockGame/PlayerCharacter/SK_BlockCharacter.uasset" 653
"../../../../../Unreal/BlockGame2/UnrealLearningKitGames/Content/BlockGame/Materials/Textures/T_WoodPlank_BC.uasset" 654
"../../../../../Unreal/BlockGame2/UnrealLearningKitGames/Content/BlockGame/Materials/Textures/T_WoodPlank_ARM.uasset" 655
"../../../../../Unreal/BlockGame2/UnrealLearningKitGames/Content/BlockGame/Materials/MI_Wood.uasset" 656
"../../../../../Unreal/BlockGame2/UnrealLearningKitGames/Content/BlockGame/BluePrints/Blocks/BP_WoodBlock.uasset" 657
"../../../../../Unreal/BlockGame2/UnrealLearningKitGames/Content/BlockGame/Materials/Textures/T_GrassTop_BC.uasset" 658
"../../../../../Unreal/BlockGame2/UnrealLearningKitGames/Content/BlockGame/Materials/Textures/T_GrassTop_ARM.uasset" 659
"../../../../../Unreal/BlockGame2/UnrealLearningKitGames/Content/BlockGame/Materials/MI_GrassTop.uasset" 660
"../../../../../Unreal/BlockGame2/UnrealLearningKitGames/Content/BlockGame/Materials/Textures/T_GrassSide_BC.uasset" 661
"../../../../../Unreal/BlockGame2/UnrealLearningKitGames/Content/BlockGame/Materials/Textures/T_GrassSide_ARM.uasset" 662
"../../../../../Unreal/BlockGame2/UnrealLearningKitGames/Content/BlockGame/Materials/MI_GrassSide.uasset" 663
"../../../../../Unreal/BlockGame2/UnrealLearningKitGames/Content/BlockGame/Materials/Textures/T_GrassBot_BC.uasset" 664
"../../../../../Unreal/BlockGame2/UnrealLearningKitGames/Content/BlockGame/Materials/Textures/T_GrassBot_ARM.uasset" 665
"../../../../../Unreal/BlockGame2/UnrealLearningKitGames/Content/BlockGame/Materials/MI_GrassBottom.uasset" 666
"../../../../../Unreal/BlockGame2/UnrealLearningKitGames/Content/BlockGame/BluePrints/Blocks/BP_GrassBlock.uasset" 667
"../../../../../Unreal/BlockGame2/UnrealLearningKitGames/Content/BlockGame/Materials/Textures/T_Dirt_BC.uasset" 668
"../../../../../Unreal/BlockGame2/UnrealLearningKitGames/Content/BlockGame/Materials/Textures/T_Dirt_ARM.uasset" 669
"../../../../../Unreal/BlockGame2/UnrealLearningKitGames/Content/BlockGame/Materials/MI_Dirt.uasset" 670
"../../../../../Unreal/BlockGame2/UnrealLearningKitGames/Content/BlockGame/BluePrints/Blocks/BP_DirtBlock.uasset" 671
"../../../../../Unreal/BlockGame2/UnrealLearningKitGames/Content/BlockGame/Materials/Textures/T_Brick_BC.uasset" 672
"../../../../../Unreal/BlockGame2/UnrealLearningKitGames/Content/BlockGame/Materials/Textures/T_Brick_ARM.uasset" 673
"../../../../../Unreal/BlockGame2/UnrealLearningKitGames/Content/BlockGame/Materials/MI_Brick.uasset" 674
"../../../../../Unreal/BlockGame2/UnrealLearningKitGames/Content/BlockGame/BluePrints/Blocks/BP_BrickBlock.uasset" 675
"../../../../../Unreal/BlockGame2/UnrealLearningKitGames/Content/LearningKit_Games/Assets/Characters/Character/Animations/epicCharacter_InteractQuick.uasset" 676
"../../../../../Unreal/BlockGame2/UnrealLearningKitGames/Content/BlockGame/PlayerCharacter/Animations/BlockCharacterInteractQuickMontage.uasset" 677
"../../../../../Unreal/BlockGame2/UnrealLearningKitGames/Content/LearningKit_Games/Assets/Characters/Character/Animations/epicCharacter_JumpRun_Start.uasset" 678
"../../../../../Unreal/BlockGame2/UnrealLearningKitGames/Content/LearningKit_Games/Assets/Characters/Character/Animations/epicCharacter_JumpRun_End.uasset" 679
"../../../../../Unreal/BlockGame2/UnrealLearningKitGames/Content/LearningKit_Games/Assets/Characters/Character/Animations/epicCharacter_Interact_Start.uasset" 680
"../../../../../Unreal/BlockGame2/UnrealLearningKitGames/Content/LearningKit_Games/Assets/Characters/Character/Animations/epicCharacter_Interact_Loop.uasset" 681
"../../../../../Unreal/BlockGame2/UnrealLearningKitGames/Content/LearningKit_Games/Assets/Characters/Character/Animations/epicCharacter_Interact_End.uasset" 682
"../../../../../Unreal/BlockGame2/UnrealLearningKitGames/Content/LearningKit_Games/Assets/Characters/Character/Animations/epicCharacter_Falling.uasset" 683
"../../../../../Unreal/BlockGame2/UnrealLearningKitGames/Content/LearningKit_Games/Blueprints/PlayerCharacter/BPI_LearningKit_PlayerInteractions.uasset" 684
"../../../../../Unreal/BlockGame2/UnrealLearningKitGames/Content/LearningKit_Games/Assets/Characters/Character/Animations/epicCharacter_Walk.uasset" 685
"../../../../../Unreal/BlockGame2/UnrealLearningKitGames/Content/LearningKit_Games/Assets/Characters/Character/Animations/epicCharacter_Run.uasset" 686
"../../../../../Unreal/BlockGame2/UnrealLearningKitGames/Content/LearningKit_Games/Assets/Characters/Character/Animations/epicCharacter_Idle.uasset" 687
"../../../../../Unreal/BlockGame2/UnrealLearningKitGames/Content/LearningKit_Games/Assets/Characters/Character/Animations/epicCharacter_IdleRun_2D.uasset" 688
"../../../../../Unreal/BlockGame2/UnrealLearningKitGames/Content/LearningKit_Games/Assets/Characters/Character/Animations/epicCharacter_Hover.uasset" 689
"../../../../../Unreal/BlockGame2/UnrealLearningKitGames/Content/LearningKit_Games/Assets/Characters/Character/Animations/epicCharacter_FlySmooth.uasset" 690
"../../../../../Unreal/BlockGame2/UnrealLearningKitGames/Content/LearningKit_Games/Assets/Characters/Character/Animations/epicCharacter_FlyRough.uasset" 691
"../../../../../Unreal/BlockGame2/UnrealLearningKitGames/Content/LearningKit_Games/Assets/Characters/Character/Animations/epicCharacter_HoverFly_2D1.uasset" 692
"../../../../../Unreal/BlockGame2/UnrealLearningKitGames/Content/LearningKit_Games/Assets/Characters/Character/Animations/epicCharacter_CrouchWalk.uasset" 693
"../../../../../Unreal/BlockGame2/UnrealLearningKitGames/Content/LearningKit_Games/Assets/Characters/Character/Animations/epicCharacter_CrouchIdle.uasset" 694
"../../../../../Unreal/BlockGame2/UnrealLearningKitGames/Content/LearningKit_Games/Assets/Characters/Character/Animations/epicCharacter_CrouchWalk_2D.uasset" 695
"../../../../../Unreal/BlockGame2/UnrealLearningKitGames/Content/LearningKit_Games/Assets/Characters/Character/Animations/epicCharacter_JumpUp_Start.uasset" 696
"../../../../../Unreal/BlockGame2/UnrealLearningKitGames/Content/LearningKit_Games/Assets/Characters/Character/Animations/epicCharacter_JumpUp_End.uasset" 697
"../../../../../Unreal/BlockGame2/UnrealLearningKitGames/Content/BlockGame/PlayerCharacter/BlockCharacter_AnimBP.uasset" 698
"../../../../../Unreal/BlockGame2/UnrealLearningKitGames/Content/BlockGame/BluePrints/BP_BlockPlayer.uasset" 699
"../../../../../Unreal/BlockGame2/UnrealLearningKitGames/Content/BlockGame/BluePrints/GM_BlockGame.uasset" 700
"../../../../../Unreal/BlockGame2/UnrealLearningKitGames/Content/BlockGame/Maps/BlockGameMap.umap" 701
"../../../../../Unreal/BlockGame2/UnrealLearningKitGames/Content/LearningKit_Games/Blueprints/BaseClasses/Master_Pickup_BP.uasset" 702
"../../../../../Unreal/BlockGame2/UnrealLearningKitGames/Content/LearningKit_Games/Blueprints/Pickups/PowerUp_Pickup_BP_Child.uasset" 703
"../../../../../Unreal/BlockGame2/UnrealLearningKitGames/Content/LearningKit_Games/Assets/Props/Collectibles/Common/Texture/T_Collectible_Common_BC.uasset" 704
"../../../../../Unreal/BlockGame2/UnrealLearningKitGames/Content/LearningKit_Games/Assets/Props/Collectibles/Common/Texture/T_Collectible_Common_ARM.uasset" 705
"../../../../../Unreal/BlockGame2/UnrealLearningKitGames/Content/LearningKit_Games/Assets/Props/Collectibles/Common/Material/MI_Collictible_Common.uasset" 706
"../../../../../Unreal/BlockGame2/UnrealLearningKitGames/Content/LearningKit_Games/Assets/Props/Collectibles/Common/SM_Collectible_Common.uasset" 707
"../../../../../Unreal/BlockGame2/UnrealLearningKitGames/Content/LearningKit_Games/Blueprints/Pickups/Collectable_Pickup_BP.uasset" 708
"../../../../../Unreal/BlockGame2/UnrealLearningKitGames/Content/LearningKit_Games/Assets/Props/Buttons/Button_A/Material/MI_Button_A_1.uasset" 709
"../../../../../Unreal/BlockGame2/UnrealLearningKitGames/Content/LearningKit_Games/Assets/Props/Buttons/Button_A/SM_Button_A_Ring.uasset" 710
"../../../../../Unreal/BlockGame2/UnrealLearningKitGames/Content/LearningKit_Games/Assets/Props/Buttons/Button_A/SM_Button_A_Push.uasset" 711
"../../../../../Unreal/BlockGame2/UnrealLearningKitGames/Content/LearningKit_Games/Blueprints/Interactables/PlayerButton_BP.uasset" 712
"../../../../../Unreal/BlockGame2/UnrealLearningKitGames/Content/LearningKit_Games/Assets/Props/Levers/Lever_A/SM_Player_Lever_Handle.uasset" 713
"../../../../../Unreal/BlockGame2/UnrealLearningKitGames/Content/LearningKit_Games/Assets/Props/Levers/Lever_A/SM_Player_Lever_Base.uasset" 714
"../../../../../Unreal/BlockGame2/UnrealLearningKitGames/Content/LearningKit_Games/Blueprints/Interactables/Lever_BP.uasset" 715
"../../../../../Unreal/BlockGame2/UnrealLearningKitGames/Content/LearningKit_Games/Assets/Characters/Character/Mesh/SK_EpicCharacter_Optimized.uasset" 716
"../../../../../Unreal/BlockGame2/UnrealLearningKitGames/Content/LearningKit_Games/Assets/Characters/Character/Animations/epicCharacter_AnimBP.uasset" 717
"../../../../../Unreal/BlockGame2/UnrealLearningKitGames/Content/LearningKit_Games/Blueprints/PlayerCharacter/BP_LearningKit_PlayerCharacter.uasset" 718
"../../../../../Unreal/BlockGame2/UnrealLearningKitGames/Content/LearningKit_Games/Blueprints/GameFramework/BP_LearningKitGameMode.uasset" 719
"../../../../../Unreal/BlockGame2/UnrealLearningKitGames/Content/LearningKit_Games/Assets/Props/PuzzlePieces/PuzzleSphere_A/Texture/T_PuzzleSphere_A_RGB.uasset" 720
"../../../../../Unreal/BlockGame2/UnrealLearningKitGames/Content/LearningKit_Games/Assets/Props/PuzzlePieces/PuzzleSphere_A/Texture/T_PuzzleSphere_A_E.uasset" 721
"../../../../../Unreal/BlockGame2/UnrealLearningKitGames/Content/LearningKit_Games/Assets/Props/PuzzlePieces/PuzzleSphere_A/Texture/T_PuzzleSphere_A_BC.uasset" 722
"../../../../../Unreal/BlockGame2/UnrealLearningKitGames/Content/LearningKit_Games/Assets/Props/PuzzlePieces/PuzzleSphere_A/Texture/T_PuzzleSphere_A_ARM.uasset" 723
"../../../../../Unreal/BlockGame2/UnrealLearningKitGames/Content/LearningKit_Games/Assets/Props/PuzzlePieces/PuzzleSphere_A/Material/MI_PuzzleSphere_A.uasset" 724
"../../../../../Unreal/BlockGame2/UnrealLearningKitGames/Content/LearningKit_Games/Assets/Props/PuzzlePieces/PuzzleSphere_A/Material/MI_PuzzleSphere_A_4.uasset" 725
"../../../../../Unreal/BlockGame2/UnrealLearningKitGames/Content/LearningKit_Games/Assets/Props/PuzzlePieces/PuzzleSphere_A/Material/MI_PuzzleSphere_A_3.uasset" 726
"../../../../../Unreal/BlockGame2/UnrealLearningKitGames/Content/LearningKit_Games/Assets/Props/PuzzlePieces/PuzzleSphere_A/Material/MI_PuzzleSphere_A_2.uasset" 727
"../../../../../Unreal/BlockGame2/UnrealLearningKitGames/Content/LearningKit_Games/Assets/Props/PuzzlePieces/PuzzleSphere_A/SM_PuzzleSphere_A.uasset" 728
"../../../../../Unreal/BlockGame2/UnrealLearningKitGames/Content/LearningKit_Games/Assets/Props/PuzzlePieces/PuzzleCube_A/Texture/T_PuzzleCube_A_RGB.uasset" 729
"../../../../../Unreal/BlockGame2/UnrealLearningKitGames/Content/LearningKit_Games/Assets/Props/PuzzlePieces/PuzzleCube_A/Texture/T_PuzzleCube_A_E.uasset" 730
"../../../../../Unreal/BlockGame2/UnrealLearningKitGames/Content/LearningKit_Games/Assets/Props/PuzzlePieces/PuzzleCube_A/Texture/T_PuzzleCube_A_BC.uasset" 731
"../../../../../Unreal/BlockGame2/UnrealLearningKitGames/Content/LearningKit_Games/Assets/Props/PuzzlePieces/PuzzleCube_A/Texture/T_PuzzleCube_A_ARM.uasset" 732
"../../../../../Unreal/BlockGame2/UnrealLearningKitGames/Content/LearningKit_Games/Assets/Props/PuzzlePieces/PuzzleCube_A/Material/MI_PuzzleCube_A.uasset" 733
"../../../../../Unreal/BlockGame2/UnrealLearningKitGames/Content/LearningKit_Games/Assets/Props/PuzzlePieces/PuzzleCube_A/Material/MI_PuzzleCube_A_4.uasset" 734
"../../../../../Unreal/BlockGame2/UnrealLearningKitGames/Content/LearningKit_Games/Assets/Props/PuzzlePieces/PuzzleCube_A/Material/MI_PuzzleCube_A_3.uasset" 735
"../../../../../Unreal/BlockGame2/UnrealLearningKitGames/Content/LearningKit_Games/Assets/Props/PuzzlePieces/PuzzleCube_A/Material/MI_PuzzleCube_A_2.uasset" 736
"../../../../../Unreal/BlockGame2/UnrealLearningKitGames/Content/LearningKit_Games/Assets/Props/PuzzlePieces/PuzzleCube_A/SM_PuzzleCube_A.uasset" 737
"../../../../../Unreal/BlockGame2/UnrealLearningKitGames/Content/LearningKit_Games/Assets/Props/Powerups/Powerup_A/Material/MI_Powerup_A_4.uasset" 738
"../../../../../Unreal/BlockGame2/UnrealLearningKitGames/Content/LearningKit_Games/Assets/Props/Powerups/Powerup_A/Material/MI_Powerup_A_3.uasset" 739
"../../../../../Unreal/BlockGame2/UnrealLearningKitGames/Content/LearningKit_Games/Assets/Props/Powerups/Powerup_A/Material/MI_Powerup_A_2.uasset" 740
"../../../../../Unreal/BlockGame2/UnrealLearningKitGames/Content/LearningKit_Games/Assets/Props/Buttons/Button_A/Material/MI_Button_A_2.uasset" 741
"../../../../../Unreal/BlockGame2/UnrealLearningKitGames/Content/LearningKit_Games/Assets/Characters/Character/Animations/epicCharacter_JumpUp.uasset" 742
"../../../../../Unreal/BlockGame2/UnrealLearningKitGames/Content/LearningKit_Games/Assets/Characters/Character/Animations/epicCharacter_JumpRun.uasset" 743
"../../../../../Unreal/BlockGame2/UnrealLearningKitGames/Content/LearningKit_Games/Assets/Characters/Character/Animations/epicCharacter_Interact.uasset" 744
"../../../../../Unreal/BlockGame2/UnrealLearningKitGames/Content/LearningKit_Games/Assets/Architecture/Ramps/Texture/T_Kit_Ramp_BC.uasset" 745
"../../../../../Unreal/BlockGame2/UnrealLearningKitGames/Content/LearningKit_Games/Assets/Architecture/Ramps/Texture/T_Kit_Ramp_ARM.uasset" 746
"../../../../../Unreal/BlockGame2/UnrealLearningKitGames/Content/LearningKit_Games/Assets/Architecture/Ramps/Material/MI_Ramp.uasset" 747
"../../../../../Unreal/BlockGame2/UnrealLearningKitGames/Content/LearningKit_Games/Assets/Architecture/Ramps/SM_Kit_Ramp.uasset" 748
"../../../../../Unreal/BlockGame2/UnrealLearningKitGames/Content/LearningKit_Games/Assets/Architecture/Platform/Texture/T_Platform_M_A_BC.uasset" 749
"../../../../../Unreal/BlockGame2/UnrealLearningKitGames/Content/LearningKit_Games/Assets/Architecture/Platform/Texture/T_Platform_M_A_ARM.uasset" 750
"../../../../../Unreal/BlockGame2/UnrealLearningKitGames/Content/LearningKit_Games/Assets/Architecture/Platform/Material/MI_Platform_M_A.uasset" 751
"../../../../../Unreal/BlockGame2/UnrealLearningKitGames/Content/LearningKit_Games/Assets/Architecture/Platform/SM_Platform_M_A.uasset" 752
"../../../../../Unreal/BlockGame2/UnrealLearningKitGames/Content/LearningKit_Games/Assets/Architecture/Gates/SM_Large_Gate_01.uasset" 753
"../../../../../Unreal/BlockGame2/UnrealLearningKitGames/Content/LearningKit_Games/Assets/Architecture/Gates/SM_Large_Gate.uasset" 754
"../../../../../Unreal/BlockGame2/UnrealLearningKitGames/Content/LearningKit_Games/Maps/LearningKit_Games_Showcase.umap" 755
"../../../Engine/Content/Maps/Entry_BuiltData.uasset" 756
"../../../Engine/Content/Maps/Entry.umap" 757
